#
# There is insufficient memory for the Java Runtime Environment to continue.
# Native memory allocation (mmap) failed to map 10485760 bytes for G1 virtual space
# Possible reasons:
#   The system is out of physical RAM or swap space
#   The process is running with CompressedOops enabled, and the Java Heap may be blocking the growth of the native heap
# Possible solutions:
#   Reduce memory load on the system
#   Increase physical memory or swap space
#   Check if swap backing store is full
#   Decrease Java heap size (-Xmx/-Xms)
#   Decrease number of Java threads
#   Decrease Java thread stack sizes (-Xss)
#   Set larger code cache with -XX:ReservedCodeCacheSize=
#   JVM is running with Unscaled Compressed Oops mode in which the Java heap is
#     placed in the first 4GB address space. The Java Heap base address is the
#     maximum limit for the native heap growth. Please use -XX:HeapBaseMinAddress
#     to set the Java Heap base and to place the Java Heap above 4GB virtual address.
# This output file may be truncated or incomplete.
#
#  Out of Memory Error (os_windows.cpp:3550), pid=13728, tid=17948
#
# JRE version: Java(TM) SE Runtime Environment (17.0.8+9) (build 17.0.8+9-LTS-211)
# Java VM: Java HotSpot(TM) 64-Bit Server VM (17.0.8+9-LTS-211, mixed mode, sharing, tiered, compressed oops, compressed class ptrs, g1 gc, windows-amd64)
# No core dump will be written. Minidumps are not enabled by default on client versions of Windows
#

---------------  S U M M A R Y ------------

Command Line: -Dapplication.home=C:\Program Files\Java\jdk-17 --add-modules=ALL-DEFAULT -Xms8m -Djdk.module.main=jdk.compiler jdk.compiler/com.sun.tools.javac.Main practfinal.java

Host: Intel(R) Core(TM) i5-1035G1 CPU @ 1.00GHz, 8 cores, 7G,  Windows 11 , 64 bit Build 22621 (10.0.22621.2070)
Time: Tue Sep  5 22:19:23 2023 India Standard Time elapsed time: 0.548465 seconds (0d 0h 0m 0s)

---------------  T H R E A D  ---------------

Current thread (0x000001f4435d6070):  VMThread "VM Thread" [stack: 0x000000c9ff300000,0x000000c9ff400000] [id=17948]

Stack: [0x000000c9ff300000,0x000000c9ff400000]
Native frames: (J=compiled Java code, j=interpreted, Vv=VM code, C=native code)
V  [jvm.dll+0x677d0a]
V  [jvm.dll+0x7d8c54]
V  [jvm.dll+0x7da3fe]
V  [jvm.dll+0x7daa63]
V  [jvm.dll+0x245c5f]
V  [jvm.dll+0x674bb9]
V  [jvm.dll+0x6694f2]
V  [jvm.dll+0x3031d6]
V  [jvm.dll+0x30a756]
V  [jvm.dll+0x359f9e]
V  [jvm.dll+0x35a1cf]
V  [jvm.dll+0x2da3e8]
V  [jvm.dll+0x2d87f5]
V  [jvm.dll+0x2d7dfc]
V  [jvm.dll+0x31b4cb]
V  [jvm.dll+0x7df26b]
V  [jvm.dll+0x7dffa4]
V  [jvm.dll+0x7e04bd]
V  [jvm.dll+0x7e0894]
V  [jvm.dll+0x7e0960]
V  [jvm.dll+0x788bba]
V  [jvm.dll+0x676b35]
C  [ucrtbase.dll+0x29363]
C  [KERNEL32.DLL+0x126ad]
C  [ntdll.dll+0x5aa68]

VM_Operation (0x000000c9fedfdd00): G1CollectForAllocation, mode: safepoint, requested by thread 0x000001f44350f520


---------------  P R O C E S S  ---------------

Threads class SMR info:
_java_thread_list=0x000001f466088240, length=14, elements={
0x000001f44350f520, 0x000001f4435d6ac0, 0x000001f4614936b0, 0x000001f4435deae0,
0x000001f4614a2460, 0x000001f4614a4e00, 0x000001f4614a76e0, 0x000001f4614b4530,
0x000001f4614a8380, 0x000001f4614a8c80, 0x000001f4435c5280, 0x000001f46170b150,
0x000001f46177fdf0, 0x000001f4661ab700
}

Java Threads: ( => current thread )
  0x000001f44350f520 JavaThread "main" [_thread_blocked, id=13292, stack(0x000000c9fed00000,0x000000c9fee00000)]
  0x000001f4435d6ac0 JavaThread "Reference Handler" daemon [_thread_blocked, id=23860, stack(0x000000c9ff400000,0x000000c9ff500000)]
  0x000001f4614936b0 JavaThread "Finalizer" daemon [_thread_blocked, id=19760, stack(0x000000c9ff500000,0x000000c9ff600000)]
  0x000001f4435deae0 JavaThread "Signal Dispatcher" daemon [_thread_blocked, id=17236, stack(0x000000c9ff600000,0x000000c9ff700000)]
  0x000001f4614a2460 JavaThread "Attach Listener" daemon [_thread_blocked, id=17272, stack(0x000000c9ff700000,0x000000c9ff800000)]
  0x000001f4614a4e00 JavaThread "Service Thread" daemon [_thread_blocked, id=6184, stack(0x000000c9ff800000,0x000000c9ff900000)]
  0x000001f4614a76e0 JavaThread "Monitor Deflation Thread" daemon [_thread_blocked, id=29184, stack(0x000000c9ff900000,0x000000c9ffa00000)]
  0x000001f4614b4530 JavaThread "C2 CompilerThread0" daemon [_thread_blocked, id=9012, stack(0x000000c9ffa00000,0x000000c9ffb00000)]
  0x000001f4614a8380 JavaThread "C1 CompilerThread0" daemon [_thread_blocked, id=4620, stack(0x000000c9ffb00000,0x000000c9ffc00000)]
  0x000001f4614a8c80 JavaThread "Sweeper thread" daemon [_thread_blocked, id=20040, stack(0x000000c9ffc00000,0x000000c9ffd00000)]
  0x000001f4435c5280 JavaThread "Common-Cleaner" daemon [_thread_blocked, id=12112, stack(0x000000c9ffd00000,0x000000c9ffe00000)]
  0x000001f46170b150 JavaThread "C2 CompilerThread1" daemon [_thread_blocked, id=16500, stack(0x000000c9ffe00000,0x000000c9fff00000)]
  0x000001f46177fdf0 JavaThread "Notification Thread" daemon [_thread_blocked, id=12148, stack(0x000000c9fff00000,0x000000ca00000000)]
  0x000001f4661ab700 JavaThread "C2 CompilerThread2" daemon [_thread_blocked, id=22028, stack(0x000000c980600000,0x000000c980700000)]

Other Threads:
=>0x000001f4435d6070 VMThread "VM Thread" [stack: 0x000000c9ff300000,0x000000c9ff400000] [id=17948]
  0x000001f46176e460 WatcherThread [stack: 0x000000c980000000,0x000000c980100000] [id=16028]
  0x000001f44356c010 GCTaskThread "GC Thread#0" [stack: 0x000000c9fee00000,0x000000c9fef00000] [id=27620]
  0x000001f4619a3540 GCTaskThread "GC Thread#1" [stack: 0x000000c980100000,0x000000c980200000] [id=20816]
  0x000001f4619a8c90 GCTaskThread "GC Thread#2" [stack: 0x000000c980200000,0x000000c980300000] [id=29616]
  0x000001f4619b2c80 GCTaskThread "GC Thread#3" [stack: 0x000000c980300000,0x000000c980400000] [id=13980]
  0x000001f461a3fe20 GCTaskThread "GC Thread#4" [stack: 0x000000c980400000,0x000000c980500000] [id=25772]
  0x000001f4660db270 GCTaskThread "GC Thread#5" [stack: 0x000000c980500000,0x000000c980600000] [id=17512]
  0x000001f44357c810 ConcurrentGCThread "G1 Main Marker" [stack: 0x000000c9fef00000,0x000000c9ff000000] [id=29580]
  0x000001f44357d460 ConcurrentGCThread "G1 Conc#0" [stack: 0x000000c9ff000000,0x000000c9ff100000] [id=16240]
  0x000001f4435a92c0 ConcurrentGCThread "G1 Refine#0" [stack: 0x000000c9ff100000,0x000000c9ff200000] [id=11552]
  0x000001f4435aac00 ConcurrentGCThread "G1 Service" [stack: 0x000000c9ff200000,0x000000c9ff300000] [id=27332]

Threads with active compile tasks:
C2 CompilerThread0      587  932       4       jdk.internal.jimage.ImageLocation::getAttributeString (54 bytes)
C1 CompilerThread0      587  981       3       java.lang.Character::isLetterOrDigit (19 bytes)
C2 CompilerThread1      587  946       4       jdk.internal.jrtfs.JrtPath::normalize (97 bytes)
C2 CompilerThread2      587  959       4       java.lang.String::startsWith (138 bytes)

VM state: at safepoint (normal execution)

VM Mutex/Monitor currently owned by a thread:  ([mutex/lock_event])
[0x000001f44350b200] Threads_lock - owner thread: 0x000001f4435d6070
[0x000001f44350a1b0] Heap_lock - owner thread: 0x000001f44350f520

Heap address: 0x0000000083a00000, size: 1990 MB, Compressed Oops mode: 32-bit

CDS archive(s) mapped at: [0x000001f400000000-0x000001f400bd0000-0x000001f400bd0000), size 12386304, SharedBaseAddress: 0x000001f400000000, ArchiveRelocationMode: 1.
Compressed class space mapped at: 0x000001f401000000-0x000001f441000000, reserved size: 1073741824
Narrow klass base: 0x000001f400000000, Narrow klass shift: 0, Narrow klass range: 0x100000000

GC Precious Log:
 CPUs: 8 total, 8 available
 Memory: 7959M
 Large Page Support: Disabled
 NUMA Support: Disabled
 Compressed Oops: Enabled (32-bit)
 Heap Region Size: 1M
 Heap Min Capacity: 8M
 Heap Initial Capacity: 8M
 Heap Max Capacity: 1990M
 Pre-touch: Disabled
 Parallel Workers: 8
 Concurrent Workers: 2
 Concurrent Refinement Workers: 8
 Periodic GC: Disabled

Heap:
 garbage-first heap   total 10240K, used 4136K [0x0000000083a00000, 0x0000000100000000)
  region size 1024K, 1 young (1024K), 1 survivors (1024K)
 Metaspace       used 8014K, committed 8192K, reserved 1114112K
  class space    used 930K, committed 1024K, reserved 1048576K

Heap Regions: E=young(eden), S=young(survivor), O=old, HS=humongous(starts), HC=humongous(continues), CS=collection set, F=free, OA=open archive, CA=closed archive, TAMS=top-at-mark-start (previous, next)
|   0|0x0000000083a00000, 0x0000000083b00000, 0x0000000083b00000|100%| O|  |TAMS 0x0000000083a00000, 0x0000000083a00000| Untracked 
|   1|0x0000000083b00000, 0x0000000083c00000, 0x0000000083c00000|100%| O|  |TAMS 0x0000000083b00000, 0x0000000083b00000| Untracked 
|   2|0x0000000083c00000, 0x0000000083d00000, 0x0000000083d00000|100%| O|  |TAMS 0x0000000083c00000, 0x0000000083c00000| Untracked 
|   3|0x0000000083d00000, 0x0000000083d88200, 0x0000000083e00000| 53%| O|  |TAMS 0x0000000083d00000, 0x0000000083d00000| Untracked 
|   4|0x0000000083e00000, 0x0000000083e00000, 0x0000000083f00000|  0%| F|  |TAMS 0x0000000083e00000, 0x0000000083e00000| Untracked 
|   5|0x0000000083f00000, 0x0000000083f00000, 0x0000000084000000|  0%| F|  |TAMS 0x0000000083f00000, 0x0000000083f00000| Untracked 
|   6|0x0000000084000000, 0x0000000084000000, 0x0000000084100000|  0%| F|  |TAMS 0x0000000084000000, 0x0000000084000000| Untracked 
|   7|0x0000000084100000, 0x0000000084100000, 0x0000000084200000|  0%| F|  |TAMS 0x0000000084100000, 0x0000000084100000| Untracked 
|   8|0x0000000084200000, 0x0000000084282080, 0x0000000084300000| 50%| S|CS|TAMS 0x0000000084200000, 0x0000000084200000| Complete 
|   9|0x0000000084300000, 0x0000000084300000, 0x0000000084400000|  0%| F|  |TAMS 0x0000000084300000, 0x0000000084300000| Untracked 

Card table byte_map: [0x000001f45a4d0000,0x000001f45a8c0000] _byte_map_base: 0x000001f45a0b3000

Marking Bits (Prev, Next): (CMBitMap*) 0x000001f44356c620, (CMBitMap*) 0x000001f44356c660
 Prev Bits: [0x000001f45acb0000, 0x000001f45cbc8000)
 Next Bits: [0x000001f45cbd0000, 0x000001f45eae8000)

Polling page: 0x000001f4414c0000

Metaspace:

Usage:
  Non-class:      6.92 MB used.
      Class:    930.77 KB used.
       Both:      7.83 MB used.

Virtual space:
  Non-class space:       64.00 MB reserved,       7.00 MB ( 11%) committed,  1 nodes.
      Class space:        1.00 GB reserved,       1.00 MB ( <1%) committed,  1 nodes.
             Both:        1.06 GB reserved,       8.00 MB ( <1%) committed. 

Chunk freelists:
   Non-Class:  6.58 MB
       Class:  14.94 MB
        Both:  21.52 MB

MaxMetaspaceSize: unlimited
CompressedClassSpaceSize: 1.00 GB
Initial GC threshold: 21.00 MB
Current GC threshold: 21.00 MB
CDS: on
MetaspaceReclaimPolicy: balanced
 - commit_granule_bytes: 65536.
 - commit_granule_words: 8192.
 - virtual_space_node_default_size: 8388608.
 - enlarge_chunks_in_place: 1.
 - new_chunks_are_fully_committed: 0.
 - uncommit_free_chunks: 1.
 - use_allocation_guard: 0.
 - handle_deallocations: 1.


Internal statistics:

num_allocs_failed_limit: 0.
num_arena_births: 64.
num_arena_deaths: 0.
num_vsnodes_births: 2.
num_vsnodes_deaths: 0.
num_space_committed: 128.
num_space_uncommitted: 0.
num_chunks_returned_to_freelist: 0.
num_chunks_taken_from_freelist: 334.
num_chunk_merges: 0.
num_chunk_splits: 234.
num_chunks_enlarged: 179.
num_purges: 0.
num_inconsistent_stats: 0.

CodeHeap 'non-profiled nmethods': size=120000Kb used=303Kb max_used=303Kb free=119696Kb
 bounds [0x000001f452880000, 0x000001f452af0000, 0x000001f459db0000]
CodeHeap 'profiled nmethods': size=120000Kb used=1572Kb max_used=1572Kb free=118427Kb
 bounds [0x000001f44adb0000, 0x000001f44b020000, 0x000001f4522e0000]
CodeHeap 'non-nmethods': size=5760Kb used=1134Kb max_used=1165Kb free=4625Kb
 bounds [0x000001f4522e0000, 0x000001f452550000, 0x000001f452880000]
 total_blobs=1362 nmethods=959 adapters=316
 compilation: enabled
              stopped_count=0, restarted_count=0
 full_count=0

Compilation events (20 events):
Event: 0.536 Thread 0x000001f4614a8380 nmethod 949 0x000001f44af33910 code [0x000001f44af33ac0, 0x000001f44af33ca8]
Event: 0.536 Thread 0x000001f4614a8380  950       3       java.util.ArrayList$ArrayListSpliterator::tryAdvance (79 bytes)
Event: 0.537 Thread 0x000001f4614a8380 nmethod 950 0x000001f44af33d90 code [0x000001f44af33f80, 0x000001f44af34488]
Event: 0.537 Thread 0x000001f4614a8380  951       3       java.util.Spliterators$1Adapter::accept (11 bytes)
Event: 0.537 Thread 0x000001f4614a8380 nmethod 951 0x000001f44af34690 code [0x000001f44af34820, 0x000001f44af34978]
Event: 0.537 Thread 0x000001f4614a8380  952       3       java.util.Spliterators$1Adapter::next (39 bytes)
Event: 0.538 Thread 0x000001f4614a8380 nmethod 952 0x000001f44af34a10 code [0x000001f44af34be0, 0x000001f44af34ff8]
Event: 0.538 Thread 0x000001f4614a8380  976       3       java.util.regex.Pattern::newSlice (181 bytes)
Event: 0.539 Thread 0x000001f4614a8380 nmethod 976 0x000001f44af35190 code [0x000001f44af354c0, 0x000001f44af366c8]
Event: 0.539 Thread 0x000001f4661ab700 nmethod 960 0x000001f4528cb690 code [0x000001f4528cb820, 0x000001f4528cbcb8]
Event: 0.539 Thread 0x000001f4614a8380  968       3       com.sun.tools.javac.code.ClassFinder$1::hasNext (113 bytes)
Event: 0.539 Thread 0x000001f46170b150 nmethod 933 0x000001f4528ca810 code [0x000001f4528ca9c0, 0x000001f4528cb248]
Event: 0.539 Thread 0x000001f4661ab700  959       4       java.lang.String::startsWith (138 bytes)
Event: 0.540 Thread 0x000001f4614a8380 nmethod 968 0x000001f44af36d90 code [0x000001f44af36fc0, 0x000001f44af37938]
Event: 0.540 Thread 0x000001f46170b150  946       4       jdk.internal.jrtfs.JrtPath::normalize (97 bytes)
Event: 0.540 Thread 0x000001f4614a8380  979       3       javax.lang.model.SourceVersion::isIdentifier (71 bytes)
Event: 0.541 Thread 0x000001f4614a8380 nmethod 979 0x000001f44af37b90 code [0x000001f44af37e00, 0x000001f44af38828]
Event: 0.541 Thread 0x000001f4614a8380  980       3       java.lang.CharacterDataLatin1::getType (11 bytes)
Event: 0.541 Thread 0x000001f4614a8380 nmethod 980 0x000001f44af38c10 code [0x000001f44af38da0, 0x000001f44af38f38]
Event: 0.541 Thread 0x000001f4614a8380  981       3       java.lang.Character::isLetterOrDigit (19 bytes)

GC Heap History (17 events):
Event: 0.190 GC heap before
{Heap before GC invocations=0 (full 0):
 garbage-first heap   total 8192K, used 3072K [0x0000000083a00000, 0x0000000100000000)
  region size 1024K, 3 young (3072K), 0 survivors (0K)
 Metaspace       used 2705K, committed 2880K, reserved 1114112K
  class space    used 352K, committed 448K, reserved 1048576K
}
Event: 0.193 GC heap after
{Heap after GC invocations=1 (full 0):
 garbage-first heap   total 8192K, used 1568K [0x0000000083a00000, 0x0000000100000000)
  region size 1024K, 1 young (1024K), 1 survivors (1024K)
 Metaspace       used 2705K, committed 2880K, reserved 1114112K
  class space    used 352K, committed 448K, reserved 1048576K
}
Event: 0.294 GC heap before
{Heap before GC invocations=1 (full 0):
 garbage-first heap   total 8192K, used 2592K [0x0000000083a00000, 0x0000000100000000)
  region size 1024K, 2 young (2048K), 1 survivors (1024K)
 Metaspace       used 5413K, committed 5568K, reserved 1114112K
  class space    used 642K, committed 768K, reserved 1048576K
}
Event: 0.297 GC heap after
{Heap after GC invocations=2 (full 0):
 garbage-first heap   total 8192K, used 2024K [0x0000000083a00000, 0x0000000100000000)
  region size 1024K, 1 young (1024K), 1 survivors (1024K)
 Metaspace       used 5413K, committed 5568K, reserved 1114112K
  class space    used 642K, committed 768K, reserved 1048576K
}
Event: 0.370 GC heap before
{Heap before GC invocations=2 (full 0):
 garbage-first heap   total 8192K, used 3048K [0x0000000083a00000, 0x0000000100000000)
  region size 1024K, 2 young (2048K), 1 survivors (1024K)
 Metaspace       used 7120K, committed 7296K, reserved 1114112K
  class space    used 836K, committed 896K, reserved 1048576K
}
Event: 0.372 GC heap after
{Heap after GC invocations=3 (full 0):
 garbage-first heap   total 8192K, used 2228K [0x0000000083a00000, 0x0000000100000000)
  region size 1024K, 1 young (1024K), 1 survivors (1024K)
 Metaspace       used 7120K, committed 7296K, reserved 1114112K
  class space    used 836K, committed 896K, reserved 1048576K
}
Event: 0.412 GC heap before
{Heap before GC invocations=3 (full 0):
 garbage-first heap   total 8192K, used 3252K [0x0000000083a00000, 0x0000000100000000)
  region size 1024K, 2 young (2048K), 1 survivors (1024K)
 Metaspace       used 7557K, committed 7744K, reserved 1114112K
  class space    used 885K, committed 960K, reserved 1048576K
}
Event: 0.414 GC heap after
{Heap after GC invocations=4 (full 0):
 garbage-first heap   total 8192K, used 2496K [0x0000000083a00000, 0x0000000100000000)
  region size 1024K, 1 young (1024K), 1 survivors (1024K)
 Metaspace       used 7557K, committed 7744K, reserved 1114112K
  class space    used 885K, committed 960K, reserved 1048576K
}
Event: 0.439 GC heap before
{Heap before GC invocations=4 (full 0):
 garbage-first heap   total 8192K, used 3520K [0x0000000083a00000, 0x0000000100000000)
  region size 1024K, 2 young (2048K), 1 survivors (1024K)
 Metaspace       used 7634K, committed 7808K, reserved 1114112K
  class space    used 891K, committed 960K, reserved 1048576K
}
Event: 0.441 GC heap after
{Heap after GC invocations=5 (full 0):
 garbage-first heap   total 10240K, used 2962K [0x0000000083a00000, 0x0000000100000000)
  region size 1024K, 1 young (1024K), 1 survivors (1024K)
 Metaspace       used 7634K, committed 7808K, reserved 1114112K
  class space    used 891K, committed 960K, reserved 1048576K
}
Event: 0.493 GC heap before
{Heap before GC invocations=5 (full 0):
 garbage-first heap   total 10240K, used 5010K [0x0000000083a00000, 0x0000000100000000)
  region size 1024K, 3 young (3072K), 1 survivors (1024K)
 Metaspace       used 7897K, committed 8064K, reserved 1114112K
  class space    used 921K, committed 1024K, reserved 1048576K
}
Event: 0.495 GC heap after
{Heap after GC invocations=6 (full 0):
 garbage-first heap   total 10240K, used 3415K [0x0000000083a00000, 0x0000000100000000)
  region size 1024K, 1 young (1024K), 1 survivors (1024K)
 Metaspace       used 7897K, committed 8064K, reserved 1114112K
  class space    used 921K, committed 1024K, reserved 1048576K
}
Event: 0.521 GC heap before
{Heap before GC invocations=6 (full 0):
 garbage-first heap   total 10240K, used 5463K [0x0000000083a00000, 0x0000000100000000)
  region size 1024K, 3 young (3072K), 1 survivors (1024K)
 Metaspace       used 7982K, committed 8192K, reserved 1114112K
  class space    used 930K, committed 1024K, reserved 1048576K
}
Event: 0.524 GC heap after
{Heap after GC invocations=7 (full 0):
 garbage-first heap   total 10240K, used 3665K [0x0000000083a00000, 0x0000000100000000)
  region size 1024K, 1 young (1024K), 1 survivors (1024K)
 Metaspace       used 7982K, committed 8192K, reserved 1114112K
  class space    used 930K, committed 1024K, reserved 1048576K
}
Event: 0.533 GC heap before
{Heap before GC invocations=7 (full 0):
 garbage-first heap   total 10240K, used 5713K [0x0000000083a00000, 0x0000000100000000)
  region size 1024K, 3 young (3072K), 1 survivors (1024K)
 Metaspace       used 8004K, committed 8192K, reserved 1114112K
  class space    used 930K, committed 1024K, reserved 1048576K
}
Event: 0.535 GC heap after
{Heap after GC invocations=8 (full 0):
 garbage-first heap   total 10240K, used 4072K [0x0000000083a00000, 0x0000000100000000)
  region size 1024K, 1 young (1024K), 1 survivors (1024K)
 Metaspace       used 8004K, committed 8192K, reserved 1114112K
  class space    used 930K, committed 1024K, reserved 1048576K
}
Event: 0.541 GC heap before
{Heap before GC invocations=8 (full 0):
 garbage-first heap   total 10240K, used 5096K [0x0000000083a00000, 0x0000000100000000)
  region size 1024K, 2 young (2048K), 1 survivors (1024K)
 Metaspace       used 8014K, committed 8192K, reserved 1114112K
  class space    used 930K, committed 1024K, reserved 1048576K
}

Deoptimization events (20 events):
Event: 0.351 Thread 0x000001f44350f520 Uncommon trap: trap_request=0xffffff45 fr.pc=0x000001f4528a28cc relative=0x000000000000048c
Event: 0.351 Thread 0x000001f44350f520 Uncommon trap: reason=unstable_if action=reinterpret pc=0x000001f4528a28cc method=java.lang.StringLatin1.replace([BCC)Ljava/lang/String; @ 19 c2
Event: 0.351 Thread 0x000001f44350f520 DEOPT PACKING pc=0x000001f4528a28cc sp=0x000000c9fedff030
Event: 0.351 Thread 0x000001f44350f520 DEOPT UNPACKING pc=0x000001f452335ba3 sp=0x000000c9fedfefb0 mode 2
Event: 0.448 Thread 0x000001f44350f520 Uncommon trap: trap_request=0xffffff45 fr.pc=0x000001f4528abfb8 relative=0x0000000000000418
Event: 0.448 Thread 0x000001f44350f520 Uncommon trap: reason=unstable_if action=reinterpret pc=0x000001f4528abfb8 method=java.lang.StringLatin1.newString([BII)Ljava/lang/String; @ 1 c2
Event: 0.448 Thread 0x000001f44350f520 DEOPT PACKING pc=0x000001f4528abfb8 sp=0x000000c9fedfe790
Event: 0.448 Thread 0x000001f44350f520 DEOPT UNPACKING pc=0x000001f452335ba3 sp=0x000000c9fedfe758 mode 2
Event: 0.519 Thread 0x000001f44350f520 DEOPT PACKING pc=0x000001f44ae88e6e sp=0x000000c9fedfdd00
Event: 0.519 Thread 0x000001f44350f520 DEOPT UNPACKING pc=0x000001f4523366e3 sp=0x000000c9fedfd188 mode 0
Event: 0.520 Thread 0x000001f44350f520 DEOPT PACKING pc=0x000001f44ae88e6e sp=0x000000c9fedfdd00
Event: 0.520 Thread 0x000001f44350f520 DEOPT UNPACKING pc=0x000001f4523366e3 sp=0x000000c9fedfd188 mode 0
Event: 0.520 Thread 0x000001f44350f520 DEOPT PACKING pc=0x000001f44ae88e6e sp=0x000000c9fedfdd00
Event: 0.520 Thread 0x000001f44350f520 DEOPT UNPACKING pc=0x000001f4523366e3 sp=0x000000c9fedfd188 mode 0
Event: 0.520 Thread 0x000001f44350f520 DEOPT PACKING pc=0x000001f44ae88e6e sp=0x000000c9fedfdd00
Event: 0.520 Thread 0x000001f44350f520 DEOPT UNPACKING pc=0x000001f4523366e3 sp=0x000000c9fedfd188 mode 0
Event: 0.521 Thread 0x000001f44350f520 DEOPT PACKING pc=0x000001f44ae88e6e sp=0x000000c9fedfdd00
Event: 0.521 Thread 0x000001f44350f520 DEOPT UNPACKING pc=0x000001f4523366e3 sp=0x000000c9fedfd188 mode 0
Event: 0.521 Thread 0x000001f44350f520 DEOPT PACKING pc=0x000001f44ae88e6e sp=0x000000c9fedfdd00
Event: 0.521 Thread 0x000001f44350f520 DEOPT UNPACKING pc=0x000001f4523366e3 sp=0x000000c9fedfd188 mode 0

Classes unloaded (0 events):
No events

Classes redefined (0 events):
No events

Internal exceptions (20 events):
Event: 0.124 Thread 0x000001f44350f520 Exception <a 'java/lang/NoSuchMethodError'{0x00000000840e4c38}: 'void java.lang.invoke.DirectMethodHandle$Holder.invokeSpecial(java.lang.Object, java.lang.Object, java.lang.Object)'> (0x00000000840e4c38) 
thrown [s\open\src\hotspot\share\interpreter\linkResolver.cpp, line 759]
Event: 0.151 Thread 0x000001f44350f520 Exception <a 'java/lang/NoSuchMethodError'{0x0000000083f2b660}: 'int java.lang.invoke.DirectMethodHandle$Holder.invokeVirtual(java.lang.Object, java.lang.Object, java.lang.Object)'> (0x0000000083f2b660) 
thrown [s\open\src\hotspot\share\interpreter\linkResolver.cpp, line 759]
Event: 0.152 Thread 0x000001f44350f520 Exception <a 'java/lang/NoSuchMethodError'{0x0000000083f321c0}: 'void java.lang.invoke.DirectMethodHandle$Holder.invokeInterface(java.lang.Object, java.lang.Object, java.lang.Object)'> (0x0000000083f321c0) 
thrown [s\open\src\hotspot\share\interpreter\linkResolver.cpp, line 759]
Event: 0.232 Thread 0x000001f44350f520 Exception <a 'java/lang/NoSuchMethodError'{0x000000008414d3a8}: 'int java.lang.invoke.DirectMethodHandle$Holder.invokeStaticInit(java.lang.Object, java.lang.Object)'> (0x000000008414d3a8) 
thrown [s\open\src\hotspot\share\interpreter\linkResolver.cpp, line 759]
Event: 0.292 Thread 0x000001f44350f520 Exception <a 'java/lang/NoSuchMethodError'{0x00000000841ee9c0}: 'int java.lang.invoke.DirectMethodHandle$Holder.invokeVirtual(java.lang.Object, java.lang.Object)'> (0x00000000841ee9c0) 
thrown [s\open\src\hotspot\share\interpreter\linkResolver.cpp, line 759]
Event: 0.299 Thread 0x000001f44350f520 Exception <a 'java/lang/NoSuchMethodError'{0x0000000084116a28}: 'java.lang.Object java.lang.invoke.DirectMethodHandle$Holder.newInvokeSpecial(java.lang.Object, java.lang.Object, java.lang.Object, java.lang.Object, java.lang.Object)'> (0x0000000084116a28) 
thrown [s\open\src\hotspot\share\interpreter\linkResolver.cpp, line 759]
Event: 0.301 Thread 0x000001f44350f520 Exception <a 'java/lang/NoSuchMethodError'{0x0000000084125870}: 'java.lang.Object java.lang.invoke.DirectMethodHandle$Holder.newInvokeSpecial(java.lang.Object, java.lang.Object, java.lang.Object, java.lang.Object, java.lang.Object, java.lang.Object)'> (0x0000000084125870) 
thrown [s\open\src\hotspot\share\interpreter\linkResolver.cpp, line 759]
Event: 0.317 Thread 0x000001f44350f520 Exception <a 'java/lang/NoSuchMethodError'{0x000000008416fb78}: 'java.lang.Object java.lang.invoke.DirectMethodHandle$Holder.invokeVirtual(java.lang.Object, java.lang.Object, java.lang.Object)'> (0x000000008416fb78) 
thrown [s\open\src\hotspot\share\interpreter\linkResolver.cpp, line 759]
Event: 0.320 Thread 0x000001f44350f520 Exception <a 'java/lang/NoSuchMethodError'{0x000000008417ac80}: 'int java.lang.invoke.DirectMethodHandle$Holder.invokeInterface(java.lang.Object, java.lang.Object)'> (0x000000008417ac80) 
thrown [s\open\src\hotspot\share\interpreter\linkResolver.cpp, line 759]
Event: 0.321 Thread 0x000001f44350f520 Exception <a 'sun/nio/fs/WindowsException'{0x0000000084181428}> (0x0000000084181428) 
thrown [s\open\src\hotspot\share\prims\jni.cpp, line 516]
Event: 0.321 Thread 0x000001f44350f520 Exception <a 'sun/nio/fs/WindowsException'{0x00000000841817c0}> (0x00000000841817c0) 
thrown [s\open\src\hotspot\share\prims\jni.cpp, line 516]
Event: 0.330 Thread 0x000001f44350f520 Exception <a 'java/lang/NoSuchMethodError'{0x000000008419b5c0}: 'java.lang.Object java.lang.invoke.DirectMethodHandle$Holder.invokeStaticInit(java.lang.Object)'> (0x000000008419b5c0) 
thrown [s\open\src\hotspot\share\interpreter\linkResolver.cpp, line 759]
Event: 0.405 Thread 0x000001f44350f520 Exception <a 'java/lang/NoSuchMethodError'{0x00000000841d81e8}: 'java.lang.Object java.lang.invoke.DirectMethodHandle$Holder.invokeVirtual(java.lang.Object, java.lang.Object, java.lang.Object, int, int)'> (0x00000000841d81e8) 
thrown [s\open\src\hotspot\share\interpreter\linkResolver.cpp, line 759]
Event: 0.407 Thread 0x000001f44350f520 Exception <a 'java/lang/NoSuchMethodError'{0x00000000841df360}: 'java.lang.Object java.lang.invoke.DirectMethodHandle$Holder.invokeVirtual(java.lang.Object, java.lang.Object, int)'> (0x00000000841df360) 
thrown [s\open\src\hotspot\share\interpreter\linkResolver.cpp, line 759]
Event: 0.408 Thread 0x000001f44350f520 Exception <a 'java/lang/NoSuchMethodError'{0x00000000841e7fa8}: 'java.lang.Object java.lang.invoke.DirectMethodHandle$Holder.invokeSpecial(java.lang.Object, java.lang.Object, java.lang.Object, int, int)'> (0x00000000841e7fa8) 
thrown [s\open\src\hotspot\share\interpreter\linkResolver.cpp, line 759]
Event: 0.446 Thread 0x000001f44350f520 Exception <a 'java/lang/NoSuchMethodError'{0x000000008432d590}: 'void java.lang.invoke.DirectMethodHandle$Holder.invokeStatic(java.lang.Object, java.lang.Object)'> (0x000000008432d590) 
thrown [s\open\src\hotspot\share\interpreter\linkResolver.cpp, line 759]
Event: 0.448 Thread 0x000001f44350f520 Exception <a 'sun/nio/fs/WindowsException'{0x0000000084337468}> (0x0000000084337468) 
thrown [s\open\src\hotspot\share\prims\jni.cpp, line 516]
Event: 0.514 Thread 0x000001f44350f520 Exception <a 'java/lang/NoSuchMethodError'{0x000000008421a4e8}: 'int java.lang.invoke.DirectMethodHandle$Holder.invokeSpecial(java.lang.Object, java.lang.Object, java.lang.Object)'> (0x000000008421a4e8) 
thrown [s\open\src\hotspot\share\interpreter\linkResolver.cpp, line 759]
Event: 0.517 Thread 0x000001f44350f520 Exception <a 'sun/nio/fs/WindowsException'{0x0000000084224bd0}> (0x0000000084224bd0) 
thrown [s\open\src\hotspot\share\prims\jni.cpp, line 516]
Event: 0.517 Thread 0x000001f44350f520 Exception <a 'sun/nio/fs/WindowsException'{0x0000000084224de0}> (0x0000000084224de0) 
thrown [s\open\src\hotspot\share\prims\jni.cpp, line 516]

VM Operations (20 events):
Event: 0.193 Executing VM operation: G1CollectForAllocation done
Event: 0.294 Executing VM operation: G1CollectForAllocation
Event: 0.297 Executing VM operation: G1CollectForAllocation done
Event: 0.324 Executing VM operation: HandshakeAllThreads
Event: 0.324 Executing VM operation: HandshakeAllThreads done
Event: 0.370 Executing VM operation: G1CollectForAllocation
Event: 0.372 Executing VM operation: G1CollectForAllocation done
Event: 0.383 Executing VM operation: HandshakeAllThreads
Event: 0.383 Executing VM operation: HandshakeAllThreads done
Event: 0.412 Executing VM operation: G1CollectForAllocation
Event: 0.414 Executing VM operation: G1CollectForAllocation done
Event: 0.439 Executing VM operation: G1CollectForAllocation
Event: 0.441 Executing VM operation: G1CollectForAllocation done
Event: 0.493 Executing VM operation: G1CollectForAllocation
Event: 0.495 Executing VM operation: G1CollectForAllocation done
Event: 0.521 Executing VM operation: G1CollectForAllocation
Event: 0.524 Executing VM operation: G1CollectForAllocation done
Event: 0.533 Executing VM operation: G1CollectForAllocation
Event: 0.535 Executing VM operation: G1CollectForAllocation done
Event: 0.541 Executing VM operation: G1CollectForAllocation

Events (20 events):
Event: 0.452 loading class java/util/stream/Node$OfPrimitive done
Event: 0.452 loading class java/util/stream/Node$OfInt done
Event: 0.452 loading class java/util/stream/Nodes$EmptyNode$OfInt done
Event: 0.452 loading class java/util/stream/Nodes$EmptyNode$OfLong
Event: 0.452 loading class java/util/stream/Node$OfLong
Event: 0.452 loading class java/util/stream/Node$OfLong done
Event: 0.452 loading class java/util/stream/Nodes$EmptyNode$OfLong done
Event: 0.452 loading class java/util/stream/Nodes$EmptyNode$OfDouble
Event: 0.452 loading class java/util/stream/Node$OfDouble
Event: 0.453 loading class java/util/stream/Node$OfDouble done
Event: 0.453 loading class java/util/stream/Nodes$EmptyNode$OfDouble done
Event: 0.453 loading class java/util/stream/Nodes$SpinedNodeBuilder
Event: 0.453 loading class java/util/stream/Node$Builder
Event: 0.453 loading class java/util/stream/Node$Builder done
Event: 0.453 loading class java/util/stream/Nodes$SpinedNodeBuilder done
Event: 0.453 loading class sun/nio/fs/WindowsPath$WindowsPathWithAttributes
Event: 0.453 loading class sun/nio/fs/BasicFileAttributesHolder
Event: 0.453 loading class sun/nio/fs/BasicFileAttributesHolder done
Event: 0.453 loading class sun/nio/fs/WindowsPath$WindowsPathWithAttributes done
Event: 0.495 Thread 0x000001f4661ab700 Thread added: 0x000001f4661ab700


Dynamic libraries:
0x00007ff75c040000 - 0x00007ff75c048000 	C:\Program Files\Java\jdk-17\bin\javac.exe
0x00007ffb0d450000 - 0x00007ffb0d664000 	C:\WINDOWS\SYSTEM32\ntdll.dll
0x00007ffaf4fc0000 - 0x00007ffaf4fd9000 	C:\Program Files\Avast Software\Avast\aswhook.dll
0x00007ffb0c420000 - 0x00007ffb0c4e4000 	C:\WINDOWS\System32\KERNEL32.DLL
0x00007ffb0a830000 - 0x00007ffb0abd4000 	C:\WINDOWS\System32\KERNELBASE.dll
0x00007ffb0ae70000 - 0x00007ffb0af81000 	C:\WINDOWS\System32\ucrtbase.dll
0x00007ffad68c0000 - 0x00007ffad68d9000 	C:\Program Files\Java\jdk-17\bin\jli.dll
0x00007ffad68a0000 - 0x00007ffad68bb000 	C:\Program Files\Java\jdk-17\bin\VCRUNTIME140.dll
0x00007ffb0b2d0000 - 0x00007ffb0b380000 	C:\WINDOWS\System32\ADVAPI32.dll
0x00007ffb0b210000 - 0x00007ffb0b2b7000 	C:\WINDOWS\System32\msvcrt.dll
0x00007ffb0ca40000 - 0x00007ffb0cae6000 	C:\WINDOWS\System32\sechost.dll
0x00007ffb0bd90000 - 0x00007ffb0bea7000 	C:\WINDOWS\System32\RPCRT4.dll
0x00007ffb0d260000 - 0x00007ffb0d40a000 	C:\WINDOWS\System32\USER32.dll
0x00007ffb0af90000 - 0x00007ffb0afb6000 	C:\WINDOWS\System32\win32u.dll
0x00007ffaea760000 - 0x00007ffaea9ef000 	C:\WINDOWS\WinSxS\amd64_microsoft.windows.common-controls_6595b64144ccf1df_6.0.22621.2070_none_2713e6537381f706\COMCTL32.dll
0x00007ffb0cd30000 - 0x00007ffb0cd59000 	C:\WINDOWS\System32\GDI32.dll
0x00007ffb0b080000 - 0x00007ffb0b199000 	C:\WINDOWS\System32\gdi32full.dll
0x00007ffb0add0000 - 0x00007ffb0ae6a000 	C:\WINDOWS\System32\msvcp_win.dll
0x00007ffb01930000 - 0x00007ffb0193a000 	C:\WINDOWS\SYSTEM32\VERSION.dll
0x00007ffb0bd50000 - 0x00007ffb0bd81000 	C:\WINDOWS\System32\IMM32.DLL
0x00007ffad67a0000 - 0x00007ffad67ac000 	C:\Program Files\Java\jdk-17\bin\vcruntime140_1.dll
0x00007ffad6710000 - 0x00007ffad679e000 	C:\Program Files\Java\jdk-17\bin\msvcp140.dll
0x00007ffad5b30000 - 0x00007ffad670e000 	C:\Program Files\Java\jdk-17\bin\server\jvm.dll
0x00007ffb0b4b0000 - 0x00007ffb0b4b8000 	C:\WINDOWS\System32\PSAPI.DLL
0x00007ffb020e0000 - 0x00007ffb02114000 	C:\WINDOWS\SYSTEM32\WINMM.dll
0x00007ffaf03e0000 - 0x00007ffaf03e9000 	C:\WINDOWS\SYSTEM32\WSOCK32.dll
0x00007ffb0cc60000 - 0x00007ffb0ccd1000 	C:\WINDOWS\System32\WS2_32.dll
0x00007ffb098d0000 - 0x00007ffb098e8000 	C:\WINDOWS\SYSTEM32\kernel.appcore.dll
0x00007ffad5b20000 - 0x00007ffad5b2a000 	C:\Program Files\Java\jdk-17\bin\jimage.dll
0x00007ffb081a0000 - 0x00007ffb083ce000 	C:\WINDOWS\SYSTEM32\DBGHELP.DLL
0x00007ffb0c4f0000 - 0x00007ffb0c87a000 	C:\WINDOWS\System32\combase.dll
0x00007ffb0c340000 - 0x00007ffb0c417000 	C:\WINDOWS\System32\OLEAUT32.dll
0x00007ffafbff0000 - 0x00007ffafc022000 	C:\WINDOWS\SYSTEM32\dbgcore.DLL
0x00007ffb0ad50000 - 0x00007ffb0adca000 	C:\WINDOWS\System32\bcryptPrimitives.dll
0x00007ffad5a20000 - 0x00007ffad5a45000 	C:\Program Files\Java\jdk-17\bin\java.dll
0x00007ffad58c0000 - 0x00007ffad5997000 	C:\Program Files\Java\jdk-17\bin\jsvml.dll
0x00007ffb0b4c0000 - 0x00007ffb0bcd6000 	C:\WINDOWS\System32\SHELL32.dll
0x00007ffb087b0000 - 0x00007ffb0909a000 	C:\WINDOWS\SYSTEM32\windows.storage.dll
0x00007ffb08670000 - 0x00007ffb087ae000 	C:\WINDOWS\SYSTEM32\wintypes.dll
0x00007ffb0c220000 - 0x00007ffb0c313000 	C:\WINDOWS\System32\SHCORE.dll
0x00007ffb0caf0000 - 0x00007ffb0cb4e000 	C:\WINDOWS\System32\shlwapi.dll
0x00007ffb0a760000 - 0x00007ffb0a786000 	C:\WINDOWS\SYSTEM32\profapi.dll
0x00007ffad5a60000 - 0x00007ffad5a79000 	C:\Program Files\Java\jdk-17\bin\net.dll
0x00007ffb029a0000 - 0x00007ffb02ad7000 	C:\WINDOWS\SYSTEM32\WINHTTP.dll
0x00007ffb09da0000 - 0x00007ffb09e09000 	C:\WINDOWS\system32\mswsock.dll
0x00007ffad5160000 - 0x00007ffad5176000 	C:\Program Files\Java\jdk-17\bin\nio.dll

dbghelp: loaded successfully - version: 4.0.5 - missing functions: none
symbol engine: initialized successfully - sym options: 0x614 - pdb path: .;C:\Program Files\Java\jdk-17\bin;C:\WINDOWS\SYSTEM32;C:\Program Files\Avast Software\Avast;C:\WINDOWS\WinSxS\amd64_microsoft.windows.common-controls_6595b64144ccf1df_6.0.22621.2070_none_2713e6537381f706;C:\Program Files\Java\jdk-17\bin\server

VM Arguments:
jvm_args: -Dapplication.home=C:\Program Files\Java\jdk-17 --add-modules=ALL-DEFAULT -Xms8m -Djdk.module.main=jdk.compiler 
java_command: jdk.compiler/com.sun.tools.javac.Main practfinal.java
java_class_path (initial): <not set>
Launcher Type: SUN_STANDARD

[Global flags]
     intx CICompilerCount                          = 4                                         {product} {ergonomic}
     uint ConcGCThreads                            = 2                                         {product} {ergonomic}
     uint G1ConcRefinementThreads                  = 8                                         {product} {ergonomic}
   size_t G1HeapRegionSize                         = 1048576                                   {product} {ergonomic}
    uintx GCDrainStackTargetSize                   = 64                                        {product} {ergonomic}
   size_t InitialHeapSize                          = 8388608                                   {product} {command line}
   size_t MarkStackSize                            = 4194304                                   {product} {ergonomic}
   size_t MaxHeapSize                              = 2086666240                                {product} {ergonomic}
   size_t MaxNewSize                               = 1251999744                                {product} {ergonomic}
   size_t MinHeapDeltaBytes                        = 1048576                                   {product} {ergonomic}
   size_t MinHeapSize                              = 8388608                                   {product} {command line}
    uintx NonNMethodCodeHeapSize                   = 5839372                                {pd product} {ergonomic}
    uintx NonProfiledCodeHeapSize                  = 122909434                              {pd product} {ergonomic}
    uintx ProfiledCodeHeapSize                     = 122909434                              {pd product} {ergonomic}
    uintx ReservedCodeCacheSize                    = 251658240                              {pd product} {ergonomic}
     bool SegmentedCodeCache                       = true                                      {product} {ergonomic}
   size_t SoftMaxHeapSize                          = 2086666240                             {manageable} {ergonomic}
     bool UseCompressedClassPointers               = true                           {product lp64_product} {ergonomic}
     bool UseCompressedOops                        = true                           {product lp64_product} {ergonomic}
     bool UseG1GC                                  = true                                      {product} {ergonomic}
     bool UseLargePagesIndividualAllocation        = false                                  {pd product} {ergonomic}

Logging:
Log output configuration:
 #0: stdout all=warning uptime,level,tags
 #1: stderr all=off uptime,level,tags

Environment Variables:
JAVA_HOME=C:\Program Files\Java\jdk-18.0.2.1
PATH=C:\Program Files\Common Files\Oracle\Java\javapath;C:\Python310\Scripts\;C:\Python310\;C:\Python39\Scripts\;C:\Python39\;C:\Windows\system32;C:\Windows;C:\Windows\System32\Wbem;C:\Windows\System32\WindowsPowerShell\v1.0\;C:\Windows\System32\OpenSSH\;C:\Program Files\NVIDIA Corporation\NVIDIA NvDLISR;C:\MinGW\bin;C:\Program Files\nodejs\;C:\ProgramData\chocolatey\bin;C:\Program Files\dotnet\;C:\Program Files\Java\jdk-18.0.2.1\bin;C:\WINDOWS\system32;C:\WINDOWS;C:\WINDOWS\System32\Wbem;C:\WINDOWS\System32\WindowsPowerShell\v1.0\;C:\WINDOWS\System32\OpenSSH\;C:\Program Files\MySQL\MySQL Server 8.0\bin;C:\Program Files\Git\cmd;C:\Program Files\Docker\Docker\resources\bin;C:\Program Files\Java\jdk-17\bin;C:\Program Files\MySQL\MySQL Shell 8.0\bin\;C:\Users\YUVANSHU\AppData\Local\Microsoft\WindowsApps;C:\Users\YUVANSHU\AppData\Local\Programs\Microsoft VS Code\bin;C:\MinGW\bin;C:\Users\YUVANSHU\AppData\Roaming\npm;C:\Program Files\MongoDB\Server\5.0\bin;
USERNAME=YUVANSHU
LANG=en_US.UTF-8
OS=Windows_NT
PROCESSOR_IDENTIFIER=Intel64 Family 6 Model 126 Stepping 5, GenuineIntel



---------------  S Y S T E M  ---------------

OS:
 Windows 11 , 64 bit Build 22621 (10.0.22621.2070)
OS uptime: 0 days 11:28 hours
Hyper-V role detected

CPU: total 8 (initial active 8) (4 cores per cpu, 2 threads per core) family 6 model 126 stepping 5 microcode 0xbc, cx8, cmov, fxsr, ht, mmx, 3dnowpref, sse, sse2, sse3, ssse3, sse4.1, sse4.2, popcnt, lzcnt, tsc, tscinvbit, avx, avx2, aes, erms, clmul, bmi1, bmi2, adx, avx512f, avx512dq, avx512cd, avx512bw, avx512vl, sha, fma, vzeroupper, avx512_vpopcntdq, avx512_vpclmulqdq, avx512_vaes, avx512_vnni, clflush, clflushopt, avx512_vbmi2, avx512_vbmi, hv

Memory: 4k page, system-wide physical 7959M (759M free)
TotalPageFile size 18199M (AvailPageFile size 5M)
current process WorkingSet (physical memory assigned to process): 67M, peak: 67M
current process commit charge ("private bytes"): 103M, peak: 113M

vm_info: Java HotSpot(TM) 64-Bit Server VM (17.0.8+9-LTS-211) for windows-amd64 JRE (17.0.8+9-LTS-211), built on Jun 14 2023 10:34:31 by "mach5one" with MS VC++ 17.1 (VS2022)

END.
