#
# There is insufficient memory for the Java Runtime Environment to continue.
# Native memory allocation (mmap) failed to map 132120576 bytes for G1 virtual space
# Possible reasons:
#   The system is out of physical RAM or swap space
#   The process is running with CompressedOops enabled, and the Java Heap may be blocking the growth of the native heap
# Possible solutions:
#   Reduce memory load on the system
#   Increase physical memory or swap space
#   Check if swap backing store is full
#   Decrease Java heap size (-Xmx/-Xms)
#   Decrease number of Java threads
#   Decrease Java thread stack sizes (-Xss)
#   Set larger code cache with -XX:ReservedCodeCacheSize=
#   JVM is running with Unscaled Compressed Oops mode in which the Java heap is
#     placed in the first 4GB address space. The Java Heap base address is the
#     maximum limit for the native heap growth. Please use -XX:HeapBaseMinAddress
#     to set the Java Heap base and to place the Java Heap above 4GB virtual address.
# This output file may be truncated or incomplete.
#
#  Out of Memory Error (os_windows.cpp:3550), pid=25068, tid=17452
#
# JRE version:  (17.0.8+9) (build )
# Java VM: Java HotSpot(TM) 64-Bit Server VM (17.0.8+9-LTS-211, mixed mode, sharing, tiered, compressed oops, compressed class ptrs, g1 gc, windows-amd64)
# No core dump will be written. Minidumps are not enabled by default on client versions of Windows
#

---------------  S U M M A R Y ------------

Command Line: practfinal

Host: Intel(R) Core(TM) i5-1035G1 CPU @ 1.00GHz, 8 cores, 7G,  Windows 11 , 64 bit Build 22621 (10.0.22621.2070)
Time: Fri Sep  8 10:40:52 2023 India Standard Time elapsed time: 0.032879 seconds (0d 0h 0m 0s)

---------------  T H R E A D  ---------------

Current thread (0x000002696a15fe30):  JavaThread "Unknown thread" [_thread_in_vm, id=17452, stack(0x0000007f90000000,0x0000007f90100000)]

Stack: [0x0000007f90000000,0x0000007f90100000]
Native frames: (J=compiled Java code, j=interpreted, Vv=VM code, C=native code)
V  [jvm.dll+0x677d0a]
V  [jvm.dll+0x7d8c54]
V  [jvm.dll+0x7da3fe]
V  [jvm.dll+0x7daa63]
V  [jvm.dll+0x245c5f]
V  [jvm.dll+0x674bb9]
V  [jvm.dll+0x6694f2]
V  [jvm.dll+0x3031d6]
V  [jvm.dll+0x30a756]
V  [jvm.dll+0x359f9e]
V  [jvm.dll+0x35a1cf]
V  [jvm.dll+0x2da3e8]
V  [jvm.dll+0x2db354]
V  [jvm.dll+0x7aa711]
V  [jvm.dll+0x367b51]
V  [jvm.dll+0x789979]
V  [jvm.dll+0x3eb05f]
V  [jvm.dll+0x3ecae1]
C  [jli.dll+0x5297]
C  [ucrtbase.dll+0x29363]
C  [KERNEL32.DLL+0x126ad]
C  [ntdll.dll+0x5aa68]


---------------  P R O C E S S  ---------------

Threads class SMR info:
_java_thread_list=0x00007ffb4b9a59d8, length=0, elements={
}

Java Threads: ( => current thread )

Other Threads:
  0x000002696a1b8ec0 GCTaskThread "GC Thread#0" [stack: 0x0000007f90100000,0x0000007f90200000] [id=23696]
  0x000002696a1cb6e0 ConcurrentGCThread "G1 Main Marker" [stack: 0x0000007f90200000,0x0000007f90300000] [id=15372]
  0x000002696a1cd330 ConcurrentGCThread "G1 Conc#0" [stack: 0x0000007f90300000,0x0000007f90400000] [id=15128]

[error occurred during error reporting (printing all threads), id 0xc0000005, EXCEPTION_ACCESS_VIOLATION (0xc0000005) at pc=0x00007ffb4b1db047]

VM state: not at safepoint (not fully initialized)

VM Mutex/Monitor currently owned by a thread:  ([mutex/lock_event])
[0x000002696a15b1a0] Heap_lock - owner thread: 0x000002696a15fe30

Heap address: 0x0000000083a00000, size: 1990 MB, Compressed Oops mode: 32-bit

CDS archive(s) mapped at: [0x0000000000000000-0x0000000000000000-0x0000000000000000), size 0, SharedBaseAddress: 0x0000000800000000, ArchiveRelocationMode: 1.
Narrow klass base: 0x0000000000000000, Narrow klass shift: 0, Narrow klass range: 0x0

GC Precious Log:
<Empty>

Heap:
 garbage-first heap   total 0K, used 0K [0x0000000083a00000, 0x0000000100000000)
  region size 1024K, 0 young (0K), 0 survivors (0K)

[error occurred during error reporting (printing heap information), id 0xc0000005, EXCEPTION_ACCESS_VIOLATION (0xc0000005) at pc=0x00007ffb4b5c1499]

GC Heap History (0 events):
No events

Deoptimization events (0 events):
No events

Classes unloaded (0 events):
No events

Classes redefined (0 events):
No events

Internal exceptions (0 events):
No events

VM Operations (0 events):
No events

Events (1 events):
Event: 0.017 Loaded shared library C:\Program Files\Java\jdk-17\bin\java.dll


Dynamic libraries:
0x00007ff61c040000 - 0x00007ff61c050000 	C:\Program Files\Java\jdk-17\bin\java.exe
0x00007ffb83010000 - 0x00007ffb83224000 	C:\WINDOWS\SYSTEM32\ntdll.dll
0x00007ffb6db50000 - 0x00007ffb6db69000 	C:\Program Files\Avast Software\Avast\aswhook.dll
0x00007ffb827e0000 - 0x00007ffb828a4000 	C:\WINDOWS\System32\KERNEL32.DLL
0x00007ffb806a0000 - 0x00007ffb80a44000 	C:\WINDOWS\System32\KERNELBASE.dll
0x00007ffb80580000 - 0x00007ffb80691000 	C:\WINDOWS\System32\ucrtbase.dll
0x00007ffb4bc30000 - 0x00007ffb4bc4b000 	C:\Program Files\Java\jdk-17\bin\VCRUNTIME140.dll
0x00007ffb4bd00000 - 0x00007ffb4bd19000 	C:\Program Files\Java\jdk-17\bin\jli.dll
0x00007ffb818d0000 - 0x00007ffb81980000 	C:\WINDOWS\System32\ADVAPI32.dll
0x00007ffb81ee0000 - 0x00007ffb81f87000 	C:\WINDOWS\System32\msvcrt.dll
0x00007ffb82b00000 - 0x00007ffb82ba6000 	C:\WINDOWS\System32\sechost.dll
0x00007ffb81b40000 - 0x00007ffb81c57000 	C:\WINDOWS\System32\RPCRT4.dll
0x00007ffb81990000 - 0x00007ffb81b3a000 	C:\WINDOWS\System32\USER32.dll
0x00007ffb803f0000 - 0x00007ffb80416000 	C:\WINDOWS\System32\win32u.dll
0x00007ffb61660000 - 0x00007ffb618ef000 	C:\WINDOWS\WinSxS\amd64_microsoft.windows.common-controls_6595b64144ccf1df_6.0.22621.2070_none_2713e6537381f706\COMCTL32.dll
0x00007ffb81820000 - 0x00007ffb81849000 	C:\WINDOWS\System32\GDI32.dll
0x00007ffb80c30000 - 0x00007ffb80d49000 	C:\WINDOWS\System32\gdi32full.dll
0x00007ffb80420000 - 0x00007ffb804ba000 	C:\WINDOWS\System32\msvcp_win.dll
0x00007ffb78600000 - 0x00007ffb7860a000 	C:\WINDOWS\SYSTEM32\VERSION.dll
0x00007ffb81e90000 - 0x00007ffb81ec1000 	C:\WINDOWS\System32\IMM32.DLL
0x00007ffb63b80000 - 0x00007ffb63b8c000 	C:\Program Files\Java\jdk-17\bin\vcruntime140_1.dll
0x00007ffb4bad0000 - 0x00007ffb4bb5e000 	C:\Program Files\Java\jdk-17\bin\msvcp140.dll
0x00007ffb4aef0000 - 0x00007ffb4bace000 	C:\Program Files\Java\jdk-17\bin\server\jvm.dll
0x00007ffb81ed0000 - 0x00007ffb81ed8000 	C:\WINDOWS\System32\PSAPI.DLL
0x00007ffb78210000 - 0x00007ffb78244000 	C:\WINDOWS\SYSTEM32\WINMM.dll
0x00007ffb669f0000 - 0x00007ffb669f9000 	C:\WINDOWS\SYSTEM32\WSOCK32.dll
0x00007ffb81850000 - 0x00007ffb818c1000 	C:\WINDOWS\System32\WS2_32.dll
0x00007ffb7f490000 - 0x00007ffb7f4a8000 	C:\WINDOWS\SYSTEM32\kernel.appcore.dll
0x00007ffb4fcf0000 - 0x00007ffb4fcfa000 	C:\Program Files\Java\jdk-17\bin\jimage.dll
0x00007ffb7dd60000 - 0x00007ffb7df8e000 	C:\WINDOWS\SYSTEM32\DBGHELP.DLL
0x00007ffb80dd0000 - 0x00007ffb8115a000 	C:\WINDOWS\System32\combase.dll
0x00007ffb82c00000 - 0x00007ffb82cd7000 	C:\WINDOWS\System32\OLEAUT32.dll
0x00007ffb75070000 - 0x00007ffb750a2000 	C:\WINDOWS\SYSTEM32\dbgcore.DLL
0x00007ffb80d50000 - 0x00007ffb80dca000 	C:\WINDOWS\System32\bcryptPrimitives.dll
0x00007ffb4ae70000 - 0x00007ffb4ae95000 	C:\Program Files\Java\jdk-17\bin\java.dll

dbghelp: loaded successfully - version: 4.0.5 - missing functions: none
symbol engine: initialized successfully - sym options: 0x614 - pdb path: .;C:\Program Files\Java\jdk-17\bin;C:\WINDOWS\SYSTEM32;C:\Program Files\Avast Software\Avast;C:\WINDOWS\WinSxS\amd64_microsoft.windows.common-controls_6595b64144ccf1df_6.0.22621.2070_none_2713e6537381f706;C:\Program Files\Java\jdk-17\bin\server

VM Arguments:
java_command: practfinal
java_class_path (initial): .
Launcher Type: SUN_STANDARD

[Global flags]
     intx CICompilerCount                          = 4                                         {product} {ergonomic}
     uint ConcGCThreads                            = 2                                         {product} {ergonomic}
     uint G1ConcRefinementThreads                  = 8                                         {product} {ergonomic}
   size_t G1HeapRegionSize                         = 1048576                                   {product} {ergonomic}
    uintx GCDrainStackTargetSize                   = 64                                        {product} {ergonomic}
   size_t InitialHeapSize                          = 132120576                                 {product} {ergonomic}
   size_t MarkStackSize                            = 4194304                                   {product} {ergonomic}
   size_t MaxHeapSize                              = 2086666240                                {product} {ergonomic}
   size_t MinHeapDeltaBytes                        = 1048576                                   {product} {ergonomic}
   size_t MinHeapSize                              = 8388608                                   {product} {ergonomic}
    uintx NonNMethodCodeHeapSize                   = 5839372                                {pd product} {ergonomic}
    uintx NonProfiledCodeHeapSize                  = 122909434                              {pd product} {ergonomic}
    uintx ProfiledCodeHeapSize                     = 122909434                              {pd product} {ergonomic}
    uintx ReservedCodeCacheSize                    = 251658240                              {pd product} {ergonomic}
     bool SegmentedCodeCache                       = true                                      {product} {ergonomic}
   size_t SoftMaxHeapSize                          = 2086666240                             {manageable} {ergonomic}
     bool UseCompressedClassPointers               = true                           {product lp64_product} {ergonomic}
     bool UseCompressedOops                        = true                           {product lp64_product} {ergonomic}
     bool UseG1GC                                  = true                                      {product} {ergonomic}
     bool UseLargePagesIndividualAllocation        = false                                  {pd product} {ergonomic}

Logging:
Log output configuration:
 #0: stdout all=warning uptime,level,tags
 #1: stderr all=off uptime,level,tags

Environment Variables:
JAVA_HOME=C:\Program Files\Java\jdk-18.0.2.1
PATH=C:\Program Files\Common Files\Oracle\Java\javapath;C:\Python310\Scripts\;C:\Python310\;C:\Python39\Scripts\;C:\Python39\;C:\Windows\system32;C:\Windows;C:\Windows\System32\Wbem;C:\Windows\System32\WindowsPowerShell\v1.0\;C:\Windows\System32\OpenSSH\;C:\Program Files\NVIDIA Corporation\NVIDIA NvDLISR;C:\MinGW\bin;C:\Program Files\nodejs\;C:\ProgramData\chocolatey\bin;C:\Program Files\dotnet\;C:\Program Files\Java\jdk-18.0.2.1\bin;C:\WINDOWS\system32;C:\WINDOWS;C:\WINDOWS\System32\Wbem;C:\WINDOWS\System32\WindowsPowerShell\v1.0\;C:\WINDOWS\System32\OpenSSH\;C:\Program Files\MySQL\MySQL Server 8.0\bin;C:\Program Files\Git\cmd;C:\Program Files\Docker\Docker\resources\bin;C:\Program Files\Java\jdk-17\bin;C:\Program Files\MySQL\MySQL Shell 8.0\bin\;C:\Users\YUVANSHU\AppData\Local\Microsoft\WindowsApps;C:\Users\YUVANSHU\AppData\Local\Programs\Microsoft VS Code\bin;C:\MinGW\bin;C:\Users\YUVANSHU\AppData\Roaming\npm;C:\Program Files\MongoDB\Server\5.0\bin;
USERNAME=YUVANSHU
LANG=en_US.UTF-8
OS=Windows_NT
PROCESSOR_IDENTIFIER=Intel64 Family 6 Model 126 Stepping 5, GenuineIntel



---------------  S Y S T E M  ---------------

OS:
 Windows 11 , 64 bit Build 22621 (10.0.22621.2070)
OS uptime: 0 days 15:29 hours
Hyper-V role detected

CPU: total 8 (initial active 8) (4 cores per cpu, 2 threads per core) family 6 model 126 stepping 5 microcode 0xbc, cx8, cmov, fxsr, ht, mmx, 3dnowpref, sse, sse2, sse3, ssse3, sse4.1, sse4.2, popcnt, lzcnt, tsc, tscinvbit, avx, avx2, aes, erms, clmul, bmi1, bmi2, adx, avx512f, avx512dq, avx512cd, avx512bw, avx512vl, sha, fma, vzeroupper, avx512_vpopcntdq, avx512_vpclmulqdq, avx512_vaes, avx512_vnni, clflush, clflushopt, avx512_vbmi2, avx512_vbmi, hv

Memory: 4k page, system-wide physical 7959M (411M free)
TotalPageFile size 18199M (AvailPageFile size 124M)
current process WorkingSet (physical memory assigned to process): 11M, peak: 11M
current process commit charge ("private bytes"): 60M, peak: 186M

vm_info: Java HotSpot(TM) 64-Bit Server VM (17.0.8+9-LTS-211) for windows-amd64 JRE (17.0.8+9-LTS-211), built on Jun 14 2023 10:34:31 by "mach5one" with MS VC++ 17.1 (VS2022)

END.
