#
# There is insufficient memory for the Java Runtime Environment to continue.
# Native memory allocation (malloc) failed to allocate 536656 bytes for Chunk::new
# Possible reasons:
#   The system is out of physical RAM or swap space
#   The process is running with CompressedOops enabled, and the Java Heap may be blocking the growth of the native heap
# Possible solutions:
#   Reduce memory load on the system
#   Increase physical memory or swap space
#   Check if swap backing store is full
#   Decrease Java heap size (-Xmx/-Xms)
#   Decrease number of Java threads
#   Decrease Java thread stack sizes (-Xss)
#   Set larger code cache with -XX:ReservedCodeCacheSize=
#   JVM is running with Unscaled Compressed Oops mode in which the Java heap is
#     placed in the first 4GB address space. The Java Heap base address is the
#     maximum limit for the native heap growth. Please use -XX:HeapBaseMinAddress
#     to set the Java Heap base and to place the Java Heap above 4GB virtual address.
# This output file may be truncated or incomplete.
#
#  Out of Memory Error (arena.cpp:189), pid=14092, tid=26292
#
# JRE version: OpenJDK Runtime Environment Temurin-17.0.7+7 (17.0.7+7) (build 17.0.7+7)
# Java VM: OpenJDK 64-Bit Server VM Temurin-17.0.7+7 (17.0.7+7, mixed mode, tiered, compressed oops, compressed class ptrs, parallel gc, windows-amd64)
# No core dump will be written. Minidumps are not enabled by default on client versions of Windows
#

---------------  S U M M A R Y ------------

Command Line: --add-modules=ALL-SYSTEM --add-opens=java.base/java.util=ALL-UNNAMED --add-opens=java.base/java.lang=ALL-UNNAMED --add-opens=java.base/sun.nio.fs=ALL-UNNAMED -Declipse.application=org.eclipse.jdt.ls.core.id1 -Dosgi.bundles.defaultStartLevel=4 -Declipse.product=org.eclipse.jdt.ls.core.product -Djava.import.generatesMetadataFilesAtProjectRoot=false -Dfile.encoding=utf8 -XX:+UseParallelGC -XX:GCTimeRatio=4 -XX:AdaptiveSizePolicyWeight=90 -Dsun.zip.disableMemoryMapping=true -Xmx1G -Xms100m -Xlog:disable -javaagent:c:\Users\YUVANSHU\.vscode\extensions\redhat.java-1.21.0-win32-x64\lombok\lombok-1.18.28.jar c:\Users\YUVANSHU\.vscode\extensions\redhat.java-1.21.0-win32-x64\server\plugins\org.eclipse.equinox.launcher_1.6.500.v20230717-2134.jar -configuration c:\Users\YUVANSHU\AppData\Roaming\Code\User\globalStorage\redhat.java\1.21.0\config_ss_win -data c:\Users\YUVANSHU\AppData\Roaming\Code\User\workspaceStorage\4d2d5bf3775f028c3d79df4cbbc0d40d\redhat.java\ss_ws

Host: Intel(R) Core(TM) i5-1035G1 CPU @ 1.00GHz, 8 cores, 7G,  Windows 11 , 64 bit Build 22621 (10.0.22621.2070)
Time: Sun Sep 10 21:45:00 2023 India Standard Time elapsed time: 1.332423 seconds (0d 0h 0m 1s)

---------------  T H R E A D  ---------------

Current thread (0x000002c228964df0):  JavaThread "C2 CompilerThread1" daemon [_thread_in_native, id=26292, stack(0x000000f433300000,0x000000f433400000)]


Current CompileTask:
C2:   1332  750   !   4       java.util.jar.Attributes::read (498 bytes)

Stack: [0x000000f433300000,0x000000f433400000]
Native frames: (J=compiled Java code, j=interpreted, Vv=VM code, C=native code)
V  [jvm.dll+0x67754a]
V  [jvm.dll+0x834304]
V  [jvm.dll+0x835aae]
V  [jvm.dll+0x836113]
V  [jvm.dll+0x24696f]
V  [jvm.dll+0xac0ac]
V  [jvm.dll+0xac67c]
V  [jvm.dll+0x364de2]
V  [jvm.dll+0x32f6b1]
V  [jvm.dll+0x32eb5a]
V  [jvm.dll+0x219641]
V  [jvm.dll+0x218a61]
V  [jvm.dll+0x1a4d8d]
V  [jvm.dll+0x2284da]
V  [jvm.dll+0x226615]
V  [jvm.dll+0x7ea90b]
V  [jvm.dll+0x7e4e7a]
V  [jvm.dll+0x676395]
C  [ucrtbase.dll+0x29363]
C  [KERNEL32.DLL+0x126ad]
C  [ntdll.dll+0x5aa68]


---------------  P R O C E S S  ---------------

Threads class SMR info:
_java_thread_list=0x000002c2289b4780, length=13, elements={
0x000002c20f533bb0, 0x000002c20f5e6080, 0x000002c20f5e71e0, 0x000002c2233ae3f0,
0x000002c2286bcf20, 0x000002c2286bdf80, 0x000002c2286bea40, 0x000002c2286c2090,
0x000002c2286f96e0, 0x000002c20f5eca10, 0x000002c228747750, 0x000002c228964df0,
0x000002c2289abee0
}

Java Threads: ( => current thread )
  0x000002c20f533bb0 JavaThread "main" [_thread_in_vm, id=23204, stack(0x000000f432600000,0x000000f432700000)]
  0x000002c20f5e6080 JavaThread "Reference Handler" daemon [_thread_blocked, id=25312, stack(0x000000f432900000,0x000000f432a00000)]
  0x000002c20f5e71e0 JavaThread "Finalizer" daemon [_thread_blocked, id=25792, stack(0x000000f432a00000,0x000000f432b00000)]
  0x000002c2233ae3f0 JavaThread "Signal Dispatcher" daemon [_thread_blocked, id=22288, stack(0x000000f432b00000,0x000000f432c00000)]
  0x000002c2286bcf20 JavaThread "Attach Listener" daemon [_thread_blocked, id=10904, stack(0x000000f432c00000,0x000000f432d00000)]
  0x000002c2286bdf80 JavaThread "Service Thread" daemon [_thread_blocked, id=19024, stack(0x000000f432d00000,0x000000f432e00000)]
  0x000002c2286bea40 JavaThread "Monitor Deflation Thread" daemon [_thread_blocked, id=1520, stack(0x000000f432e00000,0x000000f432f00000)]
  0x000002c2286c2090 JavaThread "C2 CompilerThread0" daemon [_thread_blocked, id=10388, stack(0x000000f432f00000,0x000000f433000000)]
  0x000002c2286f96e0 JavaThread "C1 CompilerThread0" daemon [_thread_blocked, id=14512, stack(0x000000f433000000,0x000000f433100000)]
  0x000002c20f5eca10 JavaThread "Sweeper thread" daemon [_thread_blocked, id=25232, stack(0x000000f433100000,0x000000f433200000)]
  0x000002c228747750 JavaThread "Common-Cleaner" daemon [_thread_blocked, id=19072, stack(0x000000f433200000,0x000000f433300000)]
=>0x000002c228964df0 JavaThread "C2 CompilerThread1" daemon [_thread_in_native, id=26292, stack(0x000000f433300000,0x000000f433400000)]
  0x000002c2289abee0 JavaThread "Notification Thread" daemon [_thread_blocked, id=23192, stack(0x000000f433400000,0x000000f433500000)]

Other Threads:
  0x000002c2233a9c90 VMThread "VM Thread" [stack: 0x000000f432800000,0x000000f432900000] [id=14180]
  0x000002c2289ac3b0 WatcherThread [stack: 0x000000f433500000,0x000000f433600000] [id=14968]
  0x000002c20f549320 GCTaskThread "GC Thread#0" [stack: 0x000000f432700000,0x000000f432800000] [id=23456]

Threads with active compile tasks:
C2 CompilerThread1     1374  750   !   4       java.util.jar.Attributes::read (498 bytes)

VM state: not at safepoint (normal execution)

VM Mutex/Monitor currently owned by a thread: None

Heap address: 0x00000000c0000000, size: 1024 MB, Compressed Oops mode: 32-bit

CDS archive(s) not mapped
Compressed class space mapped at: 0x0000000100000000-0x0000000140000000, reserved size: 1073741824
Narrow klass base: 0x0000000000000000, Narrow klass shift: 3, Narrow klass range: 0x140000000

GC Precious Log:
 CPUs: 8 total, 8 available
 Memory: 7959M
 Large Page Support: Disabled
 NUMA Support: Disabled
 Compressed Oops: Enabled (32-bit)
 Alignments: Space 512K, Generation 512K, Heap 2M
 Heap Min Capacity: 100M
 Heap Initial Capacity: 100M
 Heap Max Capacity: 1G
 Pre-touch: Disabled
 Parallel Workers: 8

Heap:
 PSYoungGen      total 29696K, used 22696K [0x00000000eab00000, 0x00000000ecc00000, 0x0000000100000000)
  eden space 25600K, 88% used [0x00000000eab00000,0x00000000ec12a2a8,0x00000000ec400000)
  from space 4096K, 0% used [0x00000000ec800000,0x00000000ec800000,0x00000000ecc00000)
  to   space 4096K, 0% used [0x00000000ec400000,0x00000000ec400000,0x00000000ec800000)
 ParOldGen       total 68608K, used 0K [0x00000000c0000000, 0x00000000c4300000, 0x00000000eab00000)
  object space 68608K, 0% used [0x00000000c0000000,0x00000000c0000000,0x00000000c4300000)
 Metaspace       used 10362K, committed 10496K, reserved 1114112K
  class space    used 1031K, committed 1088K, reserved 1048576K

Card table byte_map: [0x000002c20ef00000,0x000002c20f110000] _byte_map_base: 0x000002c20e900000

Marking Bits: (ParMarkBitMap*) 0x00007ffd8d6952c0
 Begin Bits: [0x000002c2211b0000, 0x000002c2221b0000)
 End Bits:   [0x000002c2221b0000, 0x000002c2231b0000)

Polling page: 0x000002c20ecf0000

Metaspace:

Usage:
  Non-class:      9.12 MB used.
      Class:      1.01 MB used.
       Both:     10.12 MB used.

Virtual space:
  Non-class space:       64.00 MB reserved,       9.19 MB ( 14%) committed,  1 nodes.
      Class space:        1.00 GB reserved,       1.06 MB ( <1%) committed,  1 nodes.
             Both:        1.06 GB reserved,      10.25 MB ( <1%) committed. 

Chunk freelists:
   Non-Class:  6.47 MB
       Class:  14.97 MB
        Both:  21.44 MB

MaxMetaspaceSize: unlimited
CompressedClassSpaceSize: 1.00 GB
Initial GC threshold: 21.00 MB
Current GC threshold: 21.00 MB
CDS: off
MetaspaceReclaimPolicy: balanced
 - commit_granule_bytes: 65536.
 - commit_granule_words: 8192.
 - virtual_space_node_default_size: 8388608.
 - enlarge_chunks_in_place: 1.
 - new_chunks_are_fully_committed: 0.
 - uncommit_free_chunks: 1.
 - use_allocation_guard: 0.
 - handle_deallocations: 1.


Internal statistics:

num_allocs_failed_limit: 0.
num_arena_births: 14.
num_arena_deaths: 0.
num_vsnodes_births: 2.
num_vsnodes_deaths: 0.
num_space_committed: 165.
num_space_uncommitted: 0.
num_chunks_returned_to_freelist: 0.
num_chunks_taken_from_freelist: 74.
num_chunk_merges: 0.
num_chunk_splits: 46.
num_chunks_enlarged: 35.
num_inconsistent_stats: 0.

CodeHeap 'non-profiled nmethods': size=120000Kb used=329Kb max_used=329Kb free=119671Kb
 bounds [0x000002c219c80000, 0x000002c219ef0000, 0x000002c2211b0000]
CodeHeap 'profiled nmethods': size=120000Kb used=1373Kb max_used=1373Kb free=118626Kb
 bounds [0x000002c2121b0000, 0x000002c212420000, 0x000002c2196e0000]
CodeHeap 'non-nmethods': size=5760Kb used=1150Kb max_used=1177Kb free=4610Kb
 bounds [0x000002c2196e0000, 0x000002c219950000, 0x000002c219c80000]
 total_blobs=1260 nmethods=831 adapters=344
 compilation: enabled
              stopped_count=0, restarted_count=0
 full_count=0

Compilation events (20 events):
Event: 1.291 Thread 0x000002c2286f96e0  801       3       java.util.ArrayList::<init> (61 bytes)
Event: 1.292 Thread 0x000002c2286f96e0 nmethod 801 0x000002c2122f7690 code [0x000002c2122f78e0, 0x000002c2122f81b8]
Event: 1.292 Thread 0x000002c2286f96e0  802       3       java.util.AbstractCollection::addAll (42 bytes)
Event: 1.292 Thread 0x000002c2286f96e0 nmethod 802 0x000002c2122f8510 code [0x000002c2122f8700, 0x000002c2122f8c18]
Event: 1.292 Thread 0x000002c2286f96e0  803       3       jdk.internal.jimage.ImageLocation::verify (218 bytes)
Event: 1.294 Thread 0x000002c2286f96e0 nmethod 803 0x000002c2122f8d90 code [0x000002c2122f9040, 0x000002c2122f9d98]
Event: 1.294 Thread 0x000002c2286f96e0  805       3       java.lang.StringLatin1::inflate (34 bytes)
Event: 1.294 Thread 0x000002c2286f96e0 nmethod 805 0x000002c2122fa310 code [0x000002c2122fa4c0, 0x000002c2122fa6d8]
Event: 1.294 Thread 0x000002c2286f96e0  804       1       java.nio.Buffer::position (5 bytes)
Event: 1.294 Thread 0x000002c2286f96e0 nmethod 804 0x000002c219ccd890 code [0x000002c219ccda20, 0x000002c219ccdaf8]
Event: 1.302 Thread 0x000002c2286f96e0  806       1       java.security.CodeSource::getLocationNoFragString (5 bytes)
Event: 1.303 Thread 0x000002c2286f96e0 nmethod 806 0x000002c219ccdb90 code [0x000002c219ccdd20, 0x000002c219ccddf8]
Event: 1.309 Thread 0x000002c2286f96e0  807       3       java.util.ArrayList::toArray (57 bytes)
Event: 1.310 Thread 0x000002c2286f96e0 nmethod 807 0x000002c2122fa890 code [0x000002c2122faa60, 0x000002c2122faf58]
Event: 1.313 Thread 0x000002c2286f96e0  808       3       java.lang.ClassLoader::getClassLoadingLock (35 bytes)
Event: 1.314 Thread 0x000002c2286f96e0 nmethod 808 0x000002c2122fb090 code [0x000002c2122fb240, 0x000002c2122fb548]
Event: 1.318 Thread 0x000002c2286c2090 nmethod 786% 0x000002c219ccde90 code [0x000002c219cce020, 0x000002c219ccecb8]
Event: 1.318 Thread 0x000002c2286c2090  751       4       java.lang.String::checkBoundsOffCount (64 bytes)
Event: 1.319 Thread 0x000002c2286c2090 nmethod 751 0x000002c219ccf010 code [0x000002c219ccf180, 0x000002c219ccf238]
Event: 1.319 Thread 0x000002c2286c2090  778       4       java.util.jar.Manifest$FastInputStream::readLine (9 bytes)

GC Heap History (0 events):
No events

Dll operation events (8 events):
Event: 0.055 Loaded shared library c:\Users\YUVANSHU\.vscode\extensions\redhat.java-1.21.0-win32-x64\jre\17.0.7-win32-x86_64\bin\java.dll
Event: 0.490 Loaded shared library c:\Users\YUVANSHU\.vscode\extensions\redhat.java-1.21.0-win32-x64\jre\17.0.7-win32-x86_64\bin\zip.dll
Event: 0.499 Loaded shared library C:\Users\YUVANSHU\.vscode\extensions\redhat.java-1.21.0-win32-x64\jre\17.0.7-win32-x86_64\bin\instrument.dll
Event: 0.534 Loaded shared library C:\Users\YUVANSHU\.vscode\extensions\redhat.java-1.21.0-win32-x64\jre\17.0.7-win32-x86_64\bin\net.dll
Event: 0.542 Loaded shared library C:\Users\YUVANSHU\.vscode\extensions\redhat.java-1.21.0-win32-x64\jre\17.0.7-win32-x86_64\bin\nio.dll
Event: 0.558 Loaded shared library C:\Users\YUVANSHU\.vscode\extensions\redhat.java-1.21.0-win32-x64\jre\17.0.7-win32-x86_64\bin\zip.dll
Event: 0.588 Loaded shared library C:\Users\YUVANSHU\.vscode\extensions\redhat.java-1.21.0-win32-x64\jre\17.0.7-win32-x86_64\bin\jimage.dll
Event: 0.695 Loaded shared library c:\Users\YUVANSHU\.vscode\extensions\redhat.java-1.21.0-win32-x64\jre\17.0.7-win32-x86_64\bin\verify.dll

Deoptimization events (20 events):
Event: 1.259 Thread 0x000002c20f533bb0 Uncommon trap: trap_request=0xffffff45 fr.pc=0x000002c219cbe2a8 relative=0x0000000000000108
Event: 1.259 Thread 0x000002c20f533bb0 Uncommon trap: reason=unstable_if action=reinterpret pc=0x000002c219cbe2a8 method=java.lang.invoke.VarHandle.checkExactAccessMode(Ljava/lang/invoke/VarHandle$AccessDescriptor;)V @ 4 c2
Event: 1.259 Thread 0x000002c20f533bb0 DEOPT PACKING pc=0x000002c219cbe2a8 sp=0x000000f4326fd790
Event: 1.259 Thread 0x000002c20f533bb0 DEOPT UNPACKING pc=0x000002c219739ea3 sp=0x000000f4326fd750 mode 2
Event: 1.268 Thread 0x000002c20f533bb0 DEOPT PACKING pc=0x000002c2122b0061 sp=0x000000f4326fd440
Event: 1.268 Thread 0x000002c20f533bb0 DEOPT UNPACKING pc=0x000002c21973a9e3 sp=0x000000f4326fc8c8 mode 0
Event: 1.269 Thread 0x000002c20f533bb0 DEOPT PACKING pc=0x000002c2122b0061 sp=0x000000f4326fd440
Event: 1.269 Thread 0x000002c20f533bb0 DEOPT UNPACKING pc=0x000002c21973a9e3 sp=0x000000f4326fc8c8 mode 0
Event: 1.269 Thread 0x000002c20f533bb0 DEOPT PACKING pc=0x000002c2122b0061 sp=0x000000f4326fd440
Event: 1.269 Thread 0x000002c20f533bb0 DEOPT UNPACKING pc=0x000002c21973a9e3 sp=0x000000f4326fc8c8 mode 0
Event: 1.269 Thread 0x000002c20f533bb0 DEOPT PACKING pc=0x000002c2122b0061 sp=0x000000f4326fd440
Event: 1.269 Thread 0x000002c20f533bb0 DEOPT UNPACKING pc=0x000002c21973a9e3 sp=0x000000f4326fc8c8 mode 0
Event: 1.270 Thread 0x000002c20f533bb0 DEOPT PACKING pc=0x000002c2122b0061 sp=0x000000f4326fd440
Event: 1.270 Thread 0x000002c20f533bb0 DEOPT UNPACKING pc=0x000002c21973a9e3 sp=0x000000f4326fc8c8 mode 0
Event: 1.271 Thread 0x000002c20f533bb0 DEOPT PACKING pc=0x000002c2122b0061 sp=0x000000f4326fd440
Event: 1.271 Thread 0x000002c20f533bb0 DEOPT UNPACKING pc=0x000002c21973a9e3 sp=0x000000f4326fc8c8 mode 0
Event: 1.271 Thread 0x000002c20f533bb0 DEOPT PACKING pc=0x000002c2122b0061 sp=0x000000f4326fd440
Event: 1.271 Thread 0x000002c20f533bb0 DEOPT UNPACKING pc=0x000002c21973a9e3 sp=0x000000f4326fc8c8 mode 0
Event: 1.271 Thread 0x000002c20f533bb0 DEOPT PACKING pc=0x000002c2122b0061 sp=0x000000f4326fd440
Event: 1.271 Thread 0x000002c20f533bb0 DEOPT UNPACKING pc=0x000002c21973a9e3 sp=0x000000f4326fc8c8 mode 0

Classes unloaded (0 events):
No events

Classes redefined (0 events):
No events

Internal exceptions (9 events):
Event: 0.432 Thread 0x000002c20f533bb0 Exception <a 'java/lang/NoSuchMethodError'{0x00000000eacb2850}: 'void java.lang.invoke.DirectMethodHandle$Holder.invokeStatic(java.lang.Object, java.lang.Object, java.lang.Object)'> (0x00000000eacb2850) 
thrown [s\src\hotspot\share\interpreter\linkResolver.cpp, line 759]
Event: 0.726 Thread 0x000002c20f533bb0 Exception <a 'java/lang/reflect/InvocationTargetException'{0x00000000eaf794f0}> (0x00000000eaf794f0) 
thrown [s\src\hotspot\share\runtime\reflection.cpp, line 1121]
Event: 1.058 Thread 0x000002c20f533bb0 Exception <a 'java/lang/ClassNotFoundException'{0x00000000eb79f6f0}: sun/net/www/protocol/c/Handler> (0x00000000eb79f6f0) 
thrown [s\src\hotspot\share\classfile\systemDictionary.cpp, line 256]
Event: 1.064 Thread 0x000002c20f533bb0 Exception <a 'java/io/FileNotFoundException'{0x00000000eb7b3360}> (0x00000000eb7b3360) 
thrown [s\src\hotspot\share\prims\jni.cpp, line 516]
Event: 1.066 Thread 0x000002c20f533bb0 Exception <a 'java/io/FileNotFoundException'{0x00000000eb7b4088}> (0x00000000eb7b4088) 
thrown [s\src\hotspot\share\prims\jni.cpp, line 516]
Event: 1.067 Thread 0x000002c20f533bb0 Exception <a 'java/io/FileNotFoundException'{0x00000000eb7b4d90}> (0x00000000eb7b4d90) 
thrown [s\src\hotspot\share\prims\jni.cpp, line 516]
Event: 1.067 Thread 0x000002c20f533bb0 Exception <a 'java/io/FileNotFoundException'{0x00000000eb7b5a88}> (0x00000000eb7b5a88) 
thrown [s\src\hotspot\share\prims\jni.cpp, line 516]
Event: 1.073 Thread 0x000002c20f533bb0 Implicit null exception at 0x000002c219ca16f2 to 0x000002c219ca1c68
Event: 1.076 Thread 0x000002c20f533bb0 Exception <a 'java/io/FileNotFoundException'{0x00000000eb7f0518}> (0x00000000eb7f0518) 
thrown [s\src\hotspot\share\prims\jni.cpp, line 516]

VM Operations (8 events):
Event: 0.444 Executing VM operation: HandshakeAllThreads
Event: 0.445 Executing VM operation: HandshakeAllThreads done
Event: 0.616 Executing VM operation: HandshakeAllThreads
Event: 0.616 Executing VM operation: HandshakeAllThreads done
Event: 1.023 Executing VM operation: HandshakeAllThreads
Event: 1.023 Executing VM operation: HandshakeAllThreads done
Event: 1.052 Executing VM operation: HandshakeAllThreads
Event: 1.052 Executing VM operation: HandshakeAllThreads done

Events (20 events):
Event: 1.276 loading class java/io/BufferedReader
Event: 1.276 loading class java/io/BufferedReader done
Event: 1.276 loading class sun/nio/cs/StreamDecoder
Event: 1.277 loading class sun/nio/cs/StreamDecoder done
Event: 1.277 loading class sun/nio/cs/UTF_8$Decoder
Event: 1.277 loading class sun/nio/cs/UTF_8$Decoder done
Event: 1.277 loading class java/nio/charset/CoderResult
Event: 1.278 loading class java/nio/charset/CoderResult done
Event: 1.316 loading class java/util/Random
Event: 1.317 loading class java/util/random/RandomGenerator
Event: 1.317 loading class java/util/random/RandomGenerator done
Event: 1.317 loading class java/util/Random done
Event: 1.318 loading class java/util/UUID
Event: 1.318 loading class java/util/UUID done
Event: 1.319 loading class java/util/concurrent/atomic/AtomicBoolean
Event: 1.319 loading class java/util/concurrent/atomic/AtomicBoolean done
Event: 1.319 loading class java/lang/invoke/VarHandleInts$FieldInstanceReadWrite
Event: 1.320 loading class java/lang/invoke/VarHandleInts$FieldInstanceReadOnly
Event: 1.320 loading class java/lang/invoke/VarHandleInts$FieldInstanceReadOnly done
Event: 1.320 loading class java/lang/invoke/VarHandleInts$FieldInstanceReadWrite done


Dynamic libraries:
0x00007ff6d7a80000 - 0x00007ff6d7a8e000 	c:\Users\YUVANSHU\.vscode\extensions\redhat.java-1.21.0-win32-x64\jre\17.0.7-win32-x86_64\bin\java.exe
0x00007ffde6230000 - 0x00007ffde6444000 	C:\WINDOWS\SYSTEM32\ntdll.dll
0x00007ffda91a0000 - 0x00007ffda91b9000 	C:\Program Files\Avast Software\Avast\aswhook.dll
0x00007ffde4a70000 - 0x00007ffde4b34000 	C:\WINDOWS\System32\KERNEL32.DLL
0x00007ffde3610000 - 0x00007ffde39b4000 	C:\WINDOWS\System32\KERNELBASE.dll
0x00007ffde3a90000 - 0x00007ffde3ba1000 	C:\WINDOWS\System32\ucrtbase.dll
0x00007ffdced20000 - 0x00007ffdced37000 	c:\Users\YUVANSHU\.vscode\extensions\redhat.java-1.21.0-win32-x64\jre\17.0.7-win32-x86_64\bin\jli.dll
0x00007ffdd1eb0000 - 0x00007ffdd1ec9000 	c:\Users\YUVANSHU\.vscode\extensions\redhat.java-1.21.0-win32-x64\jre\17.0.7-win32-x86_64\bin\VCRUNTIME140.dll
0x00007ffde5a80000 - 0x00007ffde5c2a000 	C:\WINDOWS\System32\USER32.dll
0x00007ffde39c0000 - 0x00007ffde39e6000 	C:\WINDOWS\System32\win32u.dll
0x00007ffde4c60000 - 0x00007ffde4c89000 	C:\WINDOWS\System32\GDI32.dll
0x00007ffde3e10000 - 0x00007ffde3f29000 	C:\WINDOWS\System32\gdi32full.dll
0x00007ffdc2f60000 - 0x00007ffdc31ef000 	C:\WINDOWS\WinSxS\amd64_microsoft.windows.common-controls_6595b64144ccf1df_6.0.22621.2070_none_2713e6537381f706\COMCTL32.dll
0x00007ffde39f0000 - 0x00007ffde3a8a000 	C:\WINDOWS\System32\msvcp_win.dll
0x00007ffde4dc0000 - 0x00007ffde4e67000 	C:\WINDOWS\System32\msvcrt.dll
0x00007ffde4590000 - 0x00007ffde45c1000 	C:\WINDOWS\System32\IMM32.DLL
0x00007ffddc6b0000 - 0x00007ffddc6bc000 	c:\Users\YUVANSHU\.vscode\extensions\redhat.java-1.21.0-win32-x64\jre\17.0.7-win32-x86_64\bin\vcruntime140_1.dll
0x00007ffd9a2c0000 - 0x00007ffd9a351000 	c:\Users\YUVANSHU\.vscode\extensions\redhat.java-1.21.0-win32-x64\jre\17.0.7-win32-x86_64\bin\msvcp140.dll
0x00007ffd8cb10000 - 0x00007ffd8d758000 	c:\Users\YUVANSHU\.vscode\extensions\redhat.java-1.21.0-win32-x64\jre\17.0.7-win32-x86_64\bin\server\jvm.dll
0x00007ffde5120000 - 0x00007ffde51d0000 	C:\WINDOWS\System32\ADVAPI32.dll
0x00007ffde4460000 - 0x00007ffde4506000 	C:\WINDOWS\System32\sechost.dll
0x00007ffde5fe0000 - 0x00007ffde60f7000 	C:\WINDOWS\System32\RPCRT4.dll
0x00007ffddb2d0000 - 0x00007ffddb304000 	C:\WINDOWS\SYSTEM32\WINMM.dll
0x00007ffdc7a00000 - 0x00007ffdc7a09000 	C:\WINDOWS\SYSTEM32\WSOCK32.dll
0x00007ffddb990000 - 0x00007ffddb99a000 	C:\WINDOWS\SYSTEM32\VERSION.dll
0x00007ffde4510000 - 0x00007ffde4581000 	C:\WINDOWS\System32\WS2_32.dll
0x00007ffde26b0000 - 0x00007ffde26c8000 	C:\WINDOWS\SYSTEM32\kernel.appcore.dll
0x00007ffddbce0000 - 0x00007ffddbcea000 	c:\Users\YUVANSHU\.vscode\extensions\redhat.java-1.21.0-win32-x64\jre\17.0.7-win32-x86_64\bin\jimage.dll
0x00007ffde0f80000 - 0x00007ffde11ae000 	C:\WINDOWS\SYSTEM32\DBGHELP.DLL
0x00007ffde3ff0000 - 0x00007ffde437a000 	C:\WINDOWS\System32\combase.dll
0x00007ffde4380000 - 0x00007ffde4457000 	C:\WINDOWS\System32\OLEAUT32.dll
0x00007ffdd9390000 - 0x00007ffdd93c2000 	C:\WINDOWS\SYSTEM32\dbgcore.DLL
0x00007ffde3d90000 - 0x00007ffde3e0a000 	C:\WINDOWS\System32\bcryptPrimitives.dll
0x00007ffdd2220000 - 0x00007ffdd222e000 	c:\Users\YUVANSHU\.vscode\extensions\redhat.java-1.21.0-win32-x64\jre\17.0.7-win32-x86_64\bin\instrument.dll
0x00007ffdcbb80000 - 0x00007ffdcbba5000 	c:\Users\YUVANSHU\.vscode\extensions\redhat.java-1.21.0-win32-x64\jre\17.0.7-win32-x86_64\bin\java.dll
0x00007ffdced00000 - 0x00007ffdced18000 	c:\Users\YUVANSHU\.vscode\extensions\redhat.java-1.21.0-win32-x64\jre\17.0.7-win32-x86_64\bin\zip.dll
0x00007ffde51e0000 - 0x00007ffde59f6000 	C:\WINDOWS\System32\SHELL32.dll
0x00007ffde1590000 - 0x00007ffde1e7a000 	C:\WINDOWS\SYSTEM32\windows.storage.dll
0x00007ffde1450000 - 0x00007ffde158e000 	C:\WINDOWS\SYSTEM32\wintypes.dll
0x00007ffde5010000 - 0x00007ffde5103000 	C:\WINDOWS\System32\SHCORE.dll
0x00007ffde5a00000 - 0x00007ffde5a5e000 	C:\WINDOWS\System32\shlwapi.dll
0x00007ffde3540000 - 0x00007ffde3566000 	C:\WINDOWS\SYSTEM32\profapi.dll
0x00007ffdcccc0000 - 0x00007ffdcccd9000 	C:\Users\YUVANSHU\.vscode\extensions\redhat.java-1.21.0-win32-x64\jre\17.0.7-win32-x86_64\bin\net.dll
0x00007ffdda7d0000 - 0x00007ffdda907000 	C:\WINDOWS\SYSTEM32\WINHTTP.dll
0x00007ffde2b80000 - 0x00007ffde2be9000 	C:\WINDOWS\system32\mswsock.dll
0x00007ffdc9080000 - 0x00007ffdc9095000 	C:\Users\YUVANSHU\.vscode\extensions\redhat.java-1.21.0-win32-x64\jre\17.0.7-win32-x86_64\bin\nio.dll
0x00007ffdd1f70000 - 0x00007ffdd1f80000 	c:\Users\YUVANSHU\.vscode\extensions\redhat.java-1.21.0-win32-x64\jre\17.0.7-win32-x86_64\bin\verify.dll

dbghelp: loaded successfully - version: 4.0.5 - missing functions: none
symbol engine: initialized successfully - sym options: 0x614 - pdb path: .;c:\Users\YUVANSHU\.vscode\extensions\redhat.java-1.21.0-win32-x64\jre\17.0.7-win32-x86_64\bin;C:\WINDOWS\SYSTEM32;C:\Program Files\Avast Software\Avast;C:\WINDOWS\WinSxS\amd64_microsoft.windows.common-controls_6595b64144ccf1df_6.0.22621.2070_none_2713e6537381f706;c:\Users\YUVANSHU\.vscode\extensions\redhat.java-1.21.0-win32-x64\jre\17.0.7-win32-x86_64\bin\server

VM Arguments:
jvm_args: --add-modules=ALL-SYSTEM --add-opens=java.base/java.util=ALL-UNNAMED --add-opens=java.base/java.lang=ALL-UNNAMED --add-opens=java.base/sun.nio.fs=ALL-UNNAMED -Declipse.application=org.eclipse.jdt.ls.core.id1 -Dosgi.bundles.defaultStartLevel=4 -Declipse.product=org.eclipse.jdt.ls.core.product -Djava.import.generatesMetadataFilesAtProjectRoot=false -Dfile.encoding=utf8 -XX:+UseParallelGC -XX:GCTimeRatio=4 -XX:AdaptiveSizePolicyWeight=90 -Dsun.zip.disableMemoryMapping=true -Xmx1G -Xms100m -Xlog:disable -javaagent:c:\Users\YUVANSHU\.vscode\extensions\redhat.java-1.21.0-win32-x64\lombok\lombok-1.18.28.jar 
java_command: c:\Users\YUVANSHU\.vscode\extensions\redhat.java-1.21.0-win32-x64\server\plugins\org.eclipse.equinox.launcher_1.6.500.v20230717-2134.jar -configuration c:\Users\YUVANSHU\AppData\Roaming\Code\User\globalStorage\redhat.java\1.21.0\config_ss_win -data c:\Users\YUVANSHU\AppData\Roaming\Code\User\workspaceStorage\4d2d5bf3775f028c3d79df4cbbc0d40d\redhat.java\ss_ws
java_class_path (initial): c:\Users\YUVANSHU\.vscode\extensions\redhat.java-1.21.0-win32-x64\server\plugins\org.eclipse.equinox.launcher_1.6.500.v20230717-2134.jar
Launcher Type: SUN_STANDARD

[Global flags]
    uintx AdaptiveSizePolicyWeight                 = 90                                        {product} {command line}
     intx CICompilerCount                          = 4                                         {product} {ergonomic}
    uintx GCTimeRatio                              = 4                                         {product} {command line}
   size_t InitialHeapSize                          = 104857600                                 {product} {command line}
   size_t MaxHeapSize                              = 1073741824                                {product} {command line}
   size_t MaxNewSize                               = 357564416                                 {product} {ergonomic}
   size_t MinHeapDeltaBytes                        = 524288                                    {product} {ergonomic}
   size_t MinHeapSize                              = 104857600                                 {product} {command line}
   size_t NewSize                                  = 34603008                                  {product} {ergonomic}
    uintx NonNMethodCodeHeapSize                   = 5839372                                {pd product} {ergonomic}
    uintx NonProfiledCodeHeapSize                  = 122909434                              {pd product} {ergonomic}
   size_t OldSize                                  = 70254592                                  {product} {ergonomic}
    uintx ProfiledCodeHeapSize                     = 122909434                              {pd product} {ergonomic}
    uintx ReservedCodeCacheSize                    = 251658240                              {pd product} {ergonomic}
     bool SegmentedCodeCache                       = true                                      {product} {ergonomic}
   size_t SoftMaxHeapSize                          = 1073741824                             {manageable} {ergonomic}
     bool UseCompressedClassPointers               = true                           {product lp64_product} {ergonomic}
     bool UseCompressedOops                        = true                           {product lp64_product} {ergonomic}
     bool UseLargePagesIndividualAllocation        = false                                  {pd product} {ergonomic}
     bool UseParallelGC                            = true                                      {product} {command line}

Logging:
Log output configuration:
 #0: stdout all=off uptime,level,tags
 #1: stderr all=off uptime,level,tags

Environment Variables:
JAVA_HOME=C:\Program Files\Java\jdk-18.0.2.1
PATH=C:\Program Files\Common Files\Oracle\Java\javapath;C:\Python310\Scripts\;C:\Python310\;C:\Python39\Scripts\;C:\Python39\;C:\Windows\system32;C:\Windows;C:\Windows\System32\Wbem;C:\Windows\System32\WindowsPowerShell\v1.0\;C:\Windows\System32\OpenSSH\;C:\Program Files\NVIDIA Corporation\NVIDIA NvDLISR;C:\MinGW\bin;C:\Program Files\nodejs\;C:\ProgramData\chocolatey\bin;C:\Program Files\dotnet\;C:\Program Files\Java\jdk-18.0.2.1\bin;C:\WINDOWS\system32;C:\WINDOWS;C:\WINDOWS\System32\Wbem;C:\WINDOWS\System32\WindowsPowerShell\v1.0\;C:\WINDOWS\System32\OpenSSH\;C:\Program Files\MySQL\MySQL Server 8.0\bin;C:\Program Files\Git\cmd;C:\Program Files\Docker\Docker\resources\bin;C:\Program Files\Java\jdk-17\bin;C:\Program Files\MySQL\MySQL Shell 8.0\bin\;C:\Users\YUVANSHU\AppData\Local\Microsoft\WindowsApps;C:\Users\YUVANSHU\AppData\Local\Programs\Microsoft VS Code\bin;C:\MinGW\bin;C:\Users\YUVANSHU\AppData\Roaming\npm;C:\Program Files\MongoDB\Server\5.0\bin;
USERNAME=YUVANSHU
OS=Windows_NT
PROCESSOR_IDENTIFIER=Intel64 Family 6 Model 126 Stepping 5, GenuineIntel
TMP=C:\Users\YUVANSHU\AppData\Local\Temp
TEMP=C:\Users\YUVANSHU\AppData\Local\Temp



---------------  S Y S T E M  ---------------

OS:
 Windows 11 , 64 bit Build 22621 (10.0.22621.2070)
OS uptime: 0 days 22:18 hours
Hyper-V role detected

CPU: total 8 (initial active 8) (4 cores per cpu, 2 threads per core) family 6 model 126 stepping 5 microcode 0xbc, cx8, cmov, fxsr, ht, mmx, 3dnowpref, sse, sse2, sse3, ssse3, sse4.1, sse4.2, popcnt, lzcnt, tsc, tscinvbit, avx, avx2, aes, erms, clmul, bmi1, bmi2, adx, avx512f, avx512dq, avx512cd, avx512bw, avx512vl, sha, fma, vzeroupper, avx512_vpopcntdq, avx512_vpclmulqdq, avx512_vaes, avx512_vnni, clflush, clflushopt, avx512_vbmi2, avx512_vbmi, hv

Memory: 4k page, system-wide physical 7959M (407M free)
TotalPageFile size 18199M (AvailPageFile size 5M)
current process WorkingSet (physical memory assigned to process): 69M, peak: 69M
current process commit charge ("private bytes"): 199M, peak: 199M

vm_info: OpenJDK 64-Bit Server VM (17.0.7+7) for windows-amd64 JRE (17.0.7+7), built on Apr 18 2023 22:10:42 by "temurin" with MS VC++ 16.7 (VS2019)

END.
