#
# There is insufficient memory for the Java Runtime Environment to continue.
# Native memory allocation (malloc) failed to allocate 1048576 bytes for AllocateHeap
# Possible reasons:
#   The system is out of physical RAM or swap space
#   The process is running with CompressedOops enabled, and the Java Heap may be blocking the growth of the native heap
# Possible solutions:
#   Reduce memory load on the system
#   Increase physical memory or swap space
#   Check if swap backing store is full
#   Decrease Java heap size (-Xmx/-Xms)
#   Decrease number of Java threads
#   Decrease Java thread stack sizes (-Xss)
#   Set larger code cache with -XX:ReservedCodeCacheSize=
#   JVM is running with Unscaled Compressed Oops mode in which the Java heap is
#     placed in the first 4GB address space. The Java Heap base address is the
#     maximum limit for the native heap growth. Please use -XX:HeapBaseMinAddress
#     to set the Java Heap base and to place the Java Heap above 4GB virtual address.
# This output file may be truncated or incomplete.
#
#  Out of Memory Error (allocation.cpp:44), pid=18568, tid=16300
#
# JRE version:  (17.0.7+7) (build )
# Java VM: OpenJDK 64-Bit Server VM (17.0.7+7, mixed mode, tiered, compressed oops, compressed class ptrs, parallel gc, windows-amd64)
# No core dump will be written. Minidumps are not enabled by default on client versions of Windows
#

---------------  S U M M A R Y ------------

Command Line: --add-modules=ALL-SYSTEM --add-opens=java.base/java.util=ALL-UNNAMED --add-opens=java.base/java.lang=ALL-UNNAMED --add-opens=java.base/sun.nio.fs=ALL-UNNAMED -Declipse.application=org.eclipse.jdt.ls.core.id1 -Dosgi.bundles.defaultStartLevel=4 -Declipse.product=org.eclipse.jdt.ls.core.product -Djava.import.generatesMetadataFilesAtProjectRoot=false -Dfile.encoding=utf8 -XX:+UseParallelGC -XX:GCTimeRatio=4 -XX:AdaptiveSizePolicyWeight=90 -Dsun.zip.disableMemoryMapping=true -Xmx1G -Xms100m -Xlog:disable -javaagent:c:\Users\YUVANSHU\.vscode\extensions\redhat.java-1.21.0-win32-x64\lombok\lombok-1.18.28.jar -XX:+HeapDumpOnOutOfMemoryError -XX:HeapDumpPath=c:\Users\YUVANSHU\AppData\Roaming\Code\User\workspaceStorage\4d2d5bf3775f028c3d79df4cbbc0d40d\redhat.java -Daether.dependencyCollector.impl=bf c:\Users\YUVANSHU\.vscode\extensions\redhat.java-1.21.0-win32-x64\server\plugins\org.eclipse.equinox.launcher_1.6.500.v20230717-2134.jar -configuration c:\Users\YUVANSHU\AppData\Roaming\Code\User\globalStorage\redhat.java\1.21.0\config_win -data c:\Users\YUVANSHU\AppData\Roaming\Code\User\workspaceStorage\4d2d5bf3775f028c3d79df4cbbc0d40d\redhat.java\jdt_ws

Host: Intel(R) Core(TM) i5-1035G1 CPU @ 1.00GHz, 8 cores, 7G,  Windows 11 , 64 bit Build 22621 (10.0.22621.2070)
Time: Wed Sep  6 22:21:01 2023 India Standard Time elapsed time: 0.060338 seconds (0d 0h 0m 0s)

---------------  T H R E A D  ---------------

Current thread (0x0000020168d041c0):  JavaThread "Unknown thread" [_thread_in_vm, id=16300, stack(0x0000000388c00000,0x0000000388d00000)]

Stack: [0x0000000388c00000,0x0000000388d00000]
Native frames: (J=compiled Java code, j=interpreted, Vv=VM code, C=native code)
V  [jvm.dll+0x67754a]
V  [jvm.dll+0x834304]
V  [jvm.dll+0x835aae]
V  [jvm.dll+0x836113]
V  [jvm.dll+0x24696f]
V  [jvm.dll+0xa681f]
V  [jvm.dll+0x6a9d7a]
V  [jvm.dll+0x6aaa3f]
V  [jvm.dll+0x683c73]
V  [jvm.dll+0x806deb]
V  [jvm.dll+0x36ad14]
V  [jvm.dll+0x7e5cec]
V  [jvm.dll+0x3ed56f]
V  [jvm.dll+0x3ef0a1]
C  [jli.dll+0x528b]
C  [ucrtbase.dll+0x29363]
C  [KERNEL32.DLL+0x126ad]
C  [ntdll.dll+0x5aa68]


---------------  P R O C E S S  ---------------

Threads class SMR info:
_java_thread_list=0x00007ff91d197018, length=0, elements={
}

Java Threads: ( => current thread )

Other Threads:
  0x0000020168d195e0 GCTaskThread "GC Thread#0" [stack: 0x0000000388d00000,0x0000000388e00000] [id=11888]

=>0x0000020168d041c0 (exited) JavaThread "Unknown thread" [_thread_in_vm, id=16300, stack(0x0000000388c00000,0x0000000388d00000)]

Threads with active compile tasks:

VM state: not at safepoint (normal execution)

VM Mutex/Monitor currently owned by a thread: None

Heap address: 0x00000000c0000000, size: 1024 MB, Compressed Oops mode: 32-bit

CDS archive(s) not mapped
Compressed class space mapped at: 0x0000000100000000-0x0000000140000000, reserved size: 1073741824
Narrow klass base: 0x0000000000000000, Narrow klass shift: 3, Narrow klass range: 0x140000000

GC Precious Log:
 CPUs: 8 total, 8 available
 Memory: 7959M
 Large Page Support: Disabled
 NUMA Support: Disabled
 Compressed Oops: Enabled (32-bit)
 Alignments: Space 512K, Generation 512K, Heap 2M
 Heap Min Capacity: 100M
 Heap Initial Capacity: 100M
 Heap Max Capacity: 1G
 Pre-touch: Disabled
 Parallel Workers: 8

Heap:
 PSYoungGen      total 29696K, used 512K [0x00000000eab00000, 0x00000000ecc00000, 0x0000000100000000)
  eden space 25600K, 2% used [0x00000000eab00000,0x00000000eab80070,0x00000000ec400000)
  from space 4096K, 0% used [0x00000000ec800000,0x00000000ec800000,0x00000000ecc00000)
  to   space 4096K, 0% used [0x00000000ec400000,0x00000000ec400000,0x00000000ec800000)
 ParOldGen       total 68608K, used 0K [0x00000000c0000000, 0x00000000c4300000, 0x00000000eab00000)
  object space 68608K, 0% used [0x00000000c0000000,0x00000000c0000000,0x00000000c4300000)
 Metaspace       used 1149K, committed 1216K, reserved 1114112K
  class space    used 101K, committed 128K, reserved 1048576K

Card table byte_map: [0x000002017c360000,0x000002017c570000] _byte_map_base: 0x000002017bd60000

Marking Bits: (ParMarkBitMap*) 0x00007ff91d2052c0
 Begin Bits: [0x000002017c6d0000, 0x000002017d6d0000)
 End Bits:   [0x000002017d6d0000, 0x000002017e6d0000)

Polling page: 0x0000020168dc0000

Metaspace:

Usage:
  Non-class:      1.02 MB used.
      Class:    101.01 KB used.
       Both:      1.12 MB used.

Virtual space:
  Non-class space:       64.00 MB reserved,       1.06 MB (  2%) committed,  1 nodes.
      Class space:        1.00 GB reserved,     128.00 KB ( <1%) committed,  1 nodes.
             Both:        1.06 GB reserved,       1.19 MB ( <1%) committed. 

Chunk freelists:
   Non-Class:  12.00 MB
       Class:  15.75 MB
        Both:  27.75 MB

MaxMetaspaceSize: unlimited
CompressedClassSpaceSize: 1.00 GB
Initial GC threshold: 21.00 MB
Current GC threshold: 17179869184.00 GB
CDS: off
MetaspaceReclaimPolicy: balanced
 - commit_granule_bytes: 65536.
 - commit_granule_words: 8192.
 - virtual_space_node_default_size: 8388608.
 - enlarge_chunks_in_place: 1.
 - new_chunks_are_fully_committed: 0.
 - uncommit_free_chunks: 1.
 - use_allocation_guard: 0.
 - handle_deallocations: 1.


Internal statistics:

num_allocs_failed_limit: 0.
num_arena_births: 2.
num_arena_deaths: 0.
num_vsnodes_births: 2.
num_vsnodes_deaths: 0.
num_space_committed: 19.
num_space_uncommitted: 0.
num_chunks_returned_to_freelist: 0.
num_chunks_taken_from_freelist: 3.
num_chunk_merges: 0.
num_chunk_splits: 2.
num_chunks_enlarged: 0.
num_inconsistent_stats: 0.

CodeHeap 'non-profiled nmethods': size=120000Kb used=0Kb max_used=0Kb free=120000Kb
 bounds [0x0000020174c50000, 0x0000020174ec0000, 0x000002017c180000]
CodeHeap 'profiled nmethods': size=120000Kb used=0Kb max_used=0Kb free=120000Kb
 bounds [0x000002016d180000, 0x000002016d3f0000, 0x00000201746b0000]
CodeHeap 'non-nmethods': size=5760Kb used=208Kb max_used=360Kb free=5551Kb
 bounds [0x00000201746b0000, 0x0000020174920000, 0x0000020174c50000]
 total_blobs=66 nmethods=0 adapters=47
 compilation: enabled
              stopped_count=0, restarted_count=0
 full_count=0

Compilation events (0 events):
No events

GC Heap History (0 events):
No events

Dll operation events (1 events):
Event: 0.026 Loaded shared library c:\Users\YUVANSHU\.vscode\extensions\redhat.java-1.21.0-win32-x64\jre\17.0.7-win32-x86_64\bin\java.dll

Deoptimization events (0 events):
No events

Classes unloaded (0 events):
No events

Classes redefined (0 events):
No events

Internal exceptions (0 events):
No events

VM Operations (0 events):
No events

Events (20 events):
Event: 0.053 loading class java/lang/Long
Event: 0.053 loading class java/lang/Long done
Event: 0.053 loading class java/util/Iterator
Event: 0.053 loading class java/util/Iterator done
Event: 0.053 loading class java/lang/reflect/RecordComponent
Event: 0.053 loading class java/lang/reflect/RecordComponent done
Event: 0.053 loading class jdk/internal/vm/vector/VectorSupport
Event: 0.053 loading class jdk/internal/vm/vector/VectorSupport done
Event: 0.053 loading class jdk/internal/vm/vector/VectorSupport$VectorPayload
Event: 0.053 loading class jdk/internal/vm/vector/VectorSupport$VectorPayload done
Event: 0.053 loading class jdk/internal/vm/vector/VectorSupport$Vector
Event: 0.054 loading class jdk/internal/vm/vector/VectorSupport$Vector done
Event: 0.054 loading class jdk/internal/vm/vector/VectorSupport$VectorMask
Event: 0.054 loading class jdk/internal/vm/vector/VectorSupport$VectorMask done
Event: 0.054 loading class jdk/internal/vm/vector/VectorSupport$VectorShuffle
Event: 0.054 loading class jdk/internal/vm/vector/VectorSupport$VectorShuffle done
Event: 0.056 loading class java/lang/NullPointerException
Event: 0.056 loading class java/lang/NullPointerException done
Event: 0.056 loading class java/lang/ArithmeticException
Event: 0.056 loading class java/lang/ArithmeticException done


Dynamic libraries:
0x00007ff729940000 - 0x00007ff72994e000 	c:\Users\YUVANSHU\.vscode\extensions\redhat.java-1.21.0-win32-x64\jre\17.0.7-win32-x86_64\bin\java.exe
0x00007ff97c630000 - 0x00007ff97c844000 	C:\WINDOWS\SYSTEM32\ntdll.dll
0x00007ff9647e0000 - 0x00007ff9647f9000 	C:\Program Files\Avast Software\Avast\aswhook.dll
0x00007ff97a470000 - 0x00007ff97a534000 	C:\WINDOWS\System32\KERNEL32.DLL
0x00007ff979e60000 - 0x00007ff97a204000 	C:\WINDOWS\System32\KERNELBASE.dll
0x00007ff979a80000 - 0x00007ff979b91000 	C:\WINDOWS\System32\ucrtbase.dll
0x00007ff967260000 - 0x00007ff967279000 	c:\Users\YUVANSHU\.vscode\extensions\redhat.java-1.21.0-win32-x64\jre\17.0.7-win32-x86_64\bin\VCRUNTIME140.dll
0x00007ff966db0000 - 0x00007ff966dc7000 	c:\Users\YUVANSHU\.vscode\extensions\redhat.java-1.21.0-win32-x64\jre\17.0.7-win32-x86_64\bin\jli.dll
0x00007ff97c440000 - 0x00007ff97c5ea000 	C:\WINDOWS\System32\USER32.dll
0x00007ff959b30000 - 0x00007ff959dbf000 	C:\WINDOWS\WinSxS\amd64_microsoft.windows.common-controls_6595b64144ccf1df_6.0.22621.2070_none_2713e6537381f706\COMCTL32.dll
0x00007ff979c40000 - 0x00007ff979c66000 	C:\WINDOWS\System32\win32u.dll
0x00007ff97ada0000 - 0x00007ff97ae47000 	C:\WINDOWS\System32\msvcrt.dll
0x00007ff97b2f0000 - 0x00007ff97b319000 	C:\WINDOWS\System32\GDI32.dll
0x00007ff97a2d0000 - 0x00007ff97a3e9000 	C:\WINDOWS\System32\gdi32full.dll
0x00007ff979ba0000 - 0x00007ff979c3a000 	C:\WINDOWS\System32\msvcp_win.dll
0x00007ff97b890000 - 0x00007ff97b8c1000 	C:\WINDOWS\System32\IMM32.DLL
0x00007ff972af0000 - 0x00007ff972afc000 	c:\Users\YUVANSHU\.vscode\extensions\redhat.java-1.21.0-win32-x64\jre\17.0.7-win32-x86_64\bin\vcruntime140_1.dll
0x00007ff931510000 - 0x00007ff9315a1000 	c:\Users\YUVANSHU\.vscode\extensions\redhat.java-1.21.0-win32-x64\jre\17.0.7-win32-x86_64\bin\msvcp140.dll
0x00007ff91c680000 - 0x00007ff91d2c8000 	c:\Users\YUVANSHU\.vscode\extensions\redhat.java-1.21.0-win32-x64\jre\17.0.7-win32-x86_64\bin\server\jvm.dll
0x00007ff97ba50000 - 0x00007ff97bb00000 	C:\WINDOWS\System32\ADVAPI32.dll
0x00007ff97b6f0000 - 0x00007ff97b796000 	C:\WINDOWS\System32\sechost.dll
0x00007ff97b930000 - 0x00007ff97ba47000 	C:\WINDOWS\System32\RPCRT4.dll
0x00007ff960c20000 - 0x00007ff960c29000 	C:\WINDOWS\SYSTEM32\WSOCK32.dll
0x00007ff971dd0000 - 0x00007ff971e04000 	C:\WINDOWS\SYSTEM32\WINMM.dll
0x00007ff97a3f0000 - 0x00007ff97a461000 	C:\WINDOWS\System32\WS2_32.dll
0x00007ff9727d0000 - 0x00007ff9727da000 	C:\WINDOWS\SYSTEM32\VERSION.dll
0x00007ff978ab0000 - 0x00007ff978ac8000 	C:\WINDOWS\SYSTEM32\kernel.appcore.dll
0x00007ff971ee0000 - 0x00007ff971eea000 	c:\Users\YUVANSHU\.vscode\extensions\redhat.java-1.21.0-win32-x64\jre\17.0.7-win32-x86_64\bin\jimage.dll
0x00007ff977380000 - 0x00007ff9775ae000 	C:\WINDOWS\SYSTEM32\DBGHELP.DLL
0x00007ff97ae50000 - 0x00007ff97b1da000 	C:\WINDOWS\System32\combase.dll
0x00007ff97b7b0000 - 0x00007ff97b887000 	C:\WINDOWS\System32\OLEAUT32.dll
0x00007ff96b250000 - 0x00007ff96b282000 	C:\WINDOWS\SYSTEM32\dbgcore.DLL
0x00007ff979c70000 - 0x00007ff979cea000 	C:\WINDOWS\System32\bcryptPrimitives.dll
0x00007ff9710b0000 - 0x00007ff9710be000 	c:\Users\YUVANSHU\.vscode\extensions\redhat.java-1.21.0-win32-x64\jre\17.0.7-win32-x86_64\bin\instrument.dll
0x00007ff95d470000 - 0x00007ff95d495000 	c:\Users\YUVANSHU\.vscode\extensions\redhat.java-1.21.0-win32-x64\jre\17.0.7-win32-x86_64\bin\java.dll
0x00007ff964180000 - 0x00007ff964198000 	c:\Users\YUVANSHU\.vscode\extensions\redhat.java-1.21.0-win32-x64\jre\17.0.7-win32-x86_64\bin\zip.dll

dbghelp: loaded successfully - version: 4.0.5 - missing functions: none
symbol engine: initialized successfully - sym options: 0x614 - pdb path: .;c:\Users\YUVANSHU\.vscode\extensions\redhat.java-1.21.0-win32-x64\jre\17.0.7-win32-x86_64\bin;C:\WINDOWS\SYSTEM32;C:\Program Files\Avast Software\Avast;C:\WINDOWS\WinSxS\amd64_microsoft.windows.common-controls_6595b64144ccf1df_6.0.22621.2070_none_2713e6537381f706;c:\Users\YUVANSHU\.vscode\extensions\redhat.java-1.21.0-win32-x64\jre\17.0.7-win32-x86_64\bin\server

VM Arguments:
jvm_args: --add-modules=ALL-SYSTEM --add-opens=java.base/java.util=ALL-UNNAMED --add-opens=java.base/java.lang=ALL-UNNAMED --add-opens=java.base/sun.nio.fs=ALL-UNNAMED -Declipse.application=org.eclipse.jdt.ls.core.id1 -Dosgi.bundles.defaultStartLevel=4 -Declipse.product=org.eclipse.jdt.ls.core.product -Djava.import.generatesMetadataFilesAtProjectRoot=false -Dfile.encoding=utf8 -XX:+UseParallelGC -XX:GCTimeRatio=4 -XX:AdaptiveSizePolicyWeight=90 -Dsun.zip.disableMemoryMapping=true -Xmx1G -Xms100m -Xlog:disable -javaagent:c:\Users\YUVANSHU\.vscode\extensions\redhat.java-1.21.0-win32-x64\lombok\lombok-1.18.28.jar -XX:+HeapDumpOnOutOfMemoryError -XX:HeapDumpPath=c:\Users\YUVANSHU\AppData\Roaming\Code\User\workspaceStorage\4d2d5bf3775f028c3d79df4cbbc0d40d\redhat.java -Daether.dependencyCollector.impl=bf 
java_command: c:\Users\YUVANSHU\.vscode\extensions\redhat.java-1.21.0-win32-x64\server\plugins\org.eclipse.equinox.launcher_1.6.500.v20230717-2134.jar -configuration c:\Users\YUVANSHU\AppData\Roaming\Code\User\globalStorage\redhat.java\1.21.0\config_win -data c:\Users\YUVANSHU\AppData\Roaming\Code\User\workspaceStorage\4d2d5bf3775f028c3d79df4cbbc0d40d\redhat.java\jdt_ws
java_class_path (initial): c:\Users\YUVANSHU\.vscode\extensions\redhat.java-1.21.0-win32-x64\server\plugins\org.eclipse.equinox.launcher_1.6.500.v20230717-2134.jar
Launcher Type: SUN_STANDARD

[Global flags]
    uintx AdaptiveSizePolicyWeight                 = 90                                        {product} {command line}
     intx CICompilerCount                          = 4                                         {product} {ergonomic}
    uintx GCTimeRatio                              = 4                                         {product} {command line}
     bool HeapDumpOnOutOfMemoryError               = true                                   {manageable} {command line}
    ccstr HeapDumpPath                             = c:\Users\YUVANSHU\AppData\Roaming\Code\User\workspaceStorage\4d2d5bf3775f028c3d79df4cbbc0d40d\redhat.java         {manageable} {command line}
   size_t InitialHeapSize                          = 104857600                                 {product} {command line}
   size_t MaxHeapSize                              = 1073741824                                {product} {command line}
   size_t MaxNewSize                               = 357564416                                 {product} {ergonomic}
   size_t MinHeapDeltaBytes                        = 524288                                    {product} {ergonomic}
   size_t MinHeapSize                              = 104857600                                 {product} {command line}
   size_t NewSize                                  = 34603008                                  {product} {ergonomic}
    uintx NonNMethodCodeHeapSize                   = 5839372                                {pd product} {ergonomic}
    uintx NonProfiledCodeHeapSize                  = 122909434                              {pd product} {ergonomic}
   size_t OldSize                                  = 70254592                                  {product} {ergonomic}
    uintx ProfiledCodeHeapSize                     = 122909434                              {pd product} {ergonomic}
    uintx ReservedCodeCacheSize                    = 251658240                              {pd product} {ergonomic}
     bool SegmentedCodeCache                       = true                                      {product} {ergonomic}
   size_t SoftMaxHeapSize                          = 1073741824                             {manageable} {ergonomic}
     bool UseCompressedClassPointers               = true                           {product lp64_product} {ergonomic}
     bool UseCompressedOops                        = true                           {product lp64_product} {ergonomic}
     bool UseLargePagesIndividualAllocation        = false                                  {pd product} {ergonomic}
     bool UseParallelGC                            = true                                      {product} {command line}

Logging:
Log output configuration:
 #0: stdout all=off uptime,level,tags
 #1: stderr all=off uptime,level,tags

Environment Variables:
JAVA_HOME=C:\Program Files\Java\jdk-18.0.2.1
PATH=C:\Program Files\Common Files\Oracle\Java\javapath;C:\Python310\Scripts\;C:\Python310\;C:\Python39\Scripts\;C:\Python39\;C:\Windows\system32;C:\Windows;C:\Windows\System32\Wbem;C:\Windows\System32\WindowsPowerShell\v1.0\;C:\Windows\System32\OpenSSH\;C:\Program Files\NVIDIA Corporation\NVIDIA NvDLISR;C:\MinGW\bin;C:\Program Files\nodejs\;C:\ProgramData\chocolatey\bin;C:\Program Files\dotnet\;C:\Program Files\Java\jdk-18.0.2.1\bin;C:\WINDOWS\system32;C:\WINDOWS;C:\WINDOWS\System32\Wbem;C:\WINDOWS\System32\WindowsPowerShell\v1.0\;C:\WINDOWS\System32\OpenSSH\;C:\Program Files\MySQL\MySQL Server 8.0\bin;C:\Program Files\Git\cmd;C:\Program Files\Docker\Docker\resources\bin;C:\Program Files\Java\jdk-17\bin;C:\Program Files\MySQL\MySQL Shell 8.0\bin\;C:\Users\YUVANSHU\AppData\Local\Microsoft\WindowsApps;C:\Users\YUVANSHU\AppData\Local\Programs\Microsoft VS Code\bin;C:\MinGW\bin;C:\Users\YUVANSHU\AppData\Roaming\npm;C:\Program Files\MongoDB\Server\5.0\bin;
USERNAME=YUVANSHU
OS=Windows_NT
PROCESSOR_IDENTIFIER=Intel64 Family 6 Model 126 Stepping 5, GenuineIntel
TMP=C:\Users\YUVANSHU\AppData\Local\Temp
TEMP=C:\Users\YUVANSHU\AppData\Local\Temp



---------------  S Y S T E M  ---------------

OS:
 Windows 11 , 64 bit Build 22621 (10.0.22621.2070)
OS uptime: 1 days 0:00 hours
Hyper-V role detected

CPU: total 8 (initial active 8) (4 cores per cpu, 2 threads per core) family 6 model 126 stepping 5 microcode 0xbc, cx8, cmov, fxsr, ht, mmx, 3dnowpref, sse, sse2, sse3, ssse3, sse4.1, sse4.2, popcnt, lzcnt, tsc, tscinvbit, avx, avx2, aes, erms, clmul, bmi1, bmi2, adx, avx512f, avx512dq, avx512cd, avx512bw, avx512vl, sha, fma, vzeroupper, avx512_vpopcntdq, avx512_vpclmulqdq, avx512_vaes, avx512_vnni, clflush, clflushopt, avx512_vbmi2, avx512_vbmi, hv

Memory: 4k page, system-wide physical 7959M (870M free)
TotalPageFile size 18199M (AvailPageFile size 5M)
current process WorkingSet (physical memory assigned to process): 16M, peak: 16M
current process commit charge ("private bytes"): 150M, peak: 151M

vm_info: OpenJDK 64-Bit Server VM (17.0.7+7) for windows-amd64 JRE (17.0.7+7), built on Apr 18 2023 22:10:42 by "temurin" with MS VC++ 16.7 (VS2019)

END.
